{"/Users/altanesmer/Desktop/Projects/tutoria-mobile-app/src/hooks/useAudio.ts": {"path":"/Users/altanesmer/Desktop/Projects/tutoria-mobile-app/src/hooks/useAudio.ts","statementMap":{"0":{"start":{"line":6,"column":25},"end":{"line":6,"column":28}},"1":{"start":{"line":7,"column":25},"end":{"line":7,"column":29}},"2":{"start":{"line":8,"column":25},"end":{"line":8,"column":28}},"3":{"start":{"line":25,"column":31},"end":{"line":25,"column":44}},"4":{"start":{"line":27,"column":28},"end":{"line":27,"column":59}},"5":{"start":{"line":28,"column":38},"end":{"line":28,"column":67}},"6":{"start":{"line":30,"column":17},"end":{"line":30,"column":45}},"7":{"start":{"line":33,"column":26},"end":{"line":33,"column":39}},"8":{"start":{"line":35,"column":26},"end":{"line":35,"column":76}},"9":{"start":{"line":36,"column":24},"end":{"line":36,"column":74}},"10":{"start":{"line":37,"column":27},"end":{"line":37,"column":77}},"11":{"start":{"line":39,"column":22},"end":{"line":52,"column":8}},"12":{"start":{"line":40,"column":4},"end":{"line":43,"column":5}},"13":{"start":{"line":41,"column":6},"end":{"line":41,"column":44}},"14":{"start":{"line":42,"column":6},"end":{"line":42,"column":37}},"15":{"start":{"line":44,"column":4},"end":{"line":47,"column":5}},"16":{"start":{"line":45,"column":6},"end":{"line":45,"column":42}},"17":{"start":{"line":46,"column":6},"end":{"line":46,"column":35}},"18":{"start":{"line":48,"column":4},"end":{"line":51,"column":5}},"19":{"start":{"line":49,"column":6},"end":{"line":49,"column":45}},"20":{"start":{"line":50,"column":6},"end":{"line":50,"column":38}},"21":{"start":{"line":55,"column":2},"end":{"line":77,"column":28}},"22":{"start":{"line":56,"column":25},"end":{"line":71,"column":6}},"23":{"start":{"line":57,"column":6},"end":{"line":63,"column":7}},"24":{"start":{"line":59,"column":8},"end":{"line":59,"column":40}},"25":{"start":{"line":60,"column":8},"end":{"line":60,"column":22}},"26":{"start":{"line":61,"column":8},"end":{"line":61,"column":22}},"27":{"start":{"line":62,"column":8},"end":{"line":62,"column":15}},"28":{"start":{"line":64,"column":6},"end":{"line":70,"column":7}},"29":{"start":{"line":65,"column":8},"end":{"line":65,"column":22}},"30":{"start":{"line":66,"column":8},"end":{"line":66,"column":28}},"31":{"start":{"line":67,"column":13},"end":{"line":70,"column":7}},"32":{"start":{"line":68,"column":8},"end":{"line":68,"column":22}},"33":{"start":{"line":69,"column":8},"end":{"line":69,"column":25}},"34":{"start":{"line":73,"column":4},"end":{"line":76,"column":6}},"35":{"start":{"line":74,"column":6},"end":{"line":74,"column":28}},"36":{"start":{"line":75,"column":6},"end":{"line":75,"column":20}},"37":{"start":{"line":79,"column":15},"end":{"line":135,"column":3}},"38":{"start":{"line":81,"column":6},"end":{"line":84,"column":7}},"39":{"start":{"line":82,"column":8},"end":{"line":82,"column":58}},"40":{"start":{"line":83,"column":8},"end":{"line":83,"column":15}},"41":{"start":{"line":86,"column":6},"end":{"line":86,"column":20}},"42":{"start":{"line":87,"column":6},"end":{"line":87,"column":38}},"43":{"start":{"line":88,"column":6},"end":{"line":88,"column":26}},"44":{"start":{"line":91,"column":6},"end":{"line":94,"column":27}},"45":{"start":{"line":92,"column":8},"end":{"line":92,"column":39}},"46":{"start":{"line":93,"column":8},"end":{"line":93,"column":28}},"47":{"start":{"line":96,"column":6},"end":{"line":132,"column":7}},"48":{"start":{"line":99,"column":8},"end":{"line":104,"column":9}},"49":{"start":{"line":100,"column":10},"end":{"line":100,"column":28}},"50":{"start":{"line":102,"column":28},"end":{"line":102,"column":64}},"51":{"start":{"line":103,"column":10},"end":{"line":103,"column":72}},"52":{"start":{"line":107,"column":8},"end":{"line":107,"column":39}},"53":{"start":{"line":108,"column":8},"end":{"line":108,"column":32}},"54":{"start":{"line":111,"column":8},"end":{"line":117,"column":29}},"55":{"start":{"line":112,"column":10},"end":{"line":112,"column":42}},"56":{"start":{"line":113,"column":10},"end":{"line":116,"column":11}},"57":{"start":{"line":114,"column":12},"end":{"line":114,"column":44}},"58":{"start":{"line":115,"column":12},"end":{"line":115,"column":26}},"59":{"start":{"line":120,"column":8},"end":{"line":126,"column":29}},"60":{"start":{"line":121,"column":10},"end":{"line":121,"column":39}},"61":{"start":{"line":122,"column":10},"end":{"line":122,"column":42}},"62":{"start":{"line":123,"column":10},"end":{"line":123,"column":24}},"63":{"start":{"line":124,"column":10},"end":{"line":124,"column":28}},"64":{"start":{"line":125,"column":10},"end":{"line":125,"column":52}},"65":{"start":{"line":128,"column":8},"end":{"line":128,"column":22}},"66":{"start":{"line":129,"column":8},"end":{"line":129,"column":40}},"67":{"start":{"line":130,"column":8},"end":{"line":130,"column":26}},"68":{"start":{"line":131,"column":8},"end":{"line":131,"column":84}},"69":{"start":{"line":137,"column":15},"end":{"line":142,"column":27}},"70":{"start":{"line":138,"column":4},"end":{"line":138,"column":18}},"71":{"start":{"line":139,"column":4},"end":{"line":139,"column":36}},"72":{"start":{"line":140,"column":4},"end":{"line":140,"column":19}},"73":{"start":{"line":141,"column":4},"end":{"line":141,"column":21}},"74":{"start":{"line":148,"column":23},"end":{"line":155,"column":3}},"75":{"start":{"line":150,"column":6},"end":{"line":152,"column":7}},"76":{"start":{"line":151,"column":8},"end":{"line":151,"column":21}},"77":{"start":{"line":157,"column":2},"end":{"line":164,"column":4}}},"fnMap":{"0":{"name":"useAudio","decl":{"start":{"line":24,"column":16},"end":{"line":24,"column":24}},"loc":{"start":{"line":24,"column":52},"end":{"line":165,"column":1}},"line":24},"1":{"name":"(anonymous_1)","decl":{"start":{"line":39,"column":34},"end":{"line":39,"column":35}},"loc":{"start":{"line":39,"column":40},"end":{"line":52,"column":3}},"line":39},"2":{"name":"(anonymous_2)","decl":{"start":{"line":55,"column":12},"end":{"line":55,"column":13}},"loc":{"start":{"line":55,"column":18},"end":{"line":77,"column":3}},"line":55},"3":{"name":"(anonymous_3)","decl":{"start":{"line":56,"column":68},"end":{"line":56,"column":69}},"loc":{"start":{"line":56,"column":80},"end":{"line":71,"column":5}},"line":56},"4":{"name":"(anonymous_4)","decl":{"start":{"line":73,"column":11},"end":{"line":73,"column":12}},"loc":{"start":{"line":73,"column":17},"end":{"line":76,"column":5}},"line":73},"5":{"name":"(anonymous_5)","decl":{"start":{"line":80,"column":4},"end":{"line":80,"column":5}},"loc":{"start":{"line":80,"column":35},"end":{"line":133,"column":5}},"line":80},"6":{"name":"(anonymous_6)","decl":{"start":{"line":91,"column":43},"end":{"line":91,"column":44}},"loc":{"start":{"line":91,"column":49},"end":{"line":94,"column":7}},"line":91},"7":{"name":"(anonymous_7)","decl":{"start":{"line":111,"column":46},"end":{"line":111,"column":47}},"loc":{"start":{"line":111,"column":52},"end":{"line":117,"column":9}},"line":111},"8":{"name":"(anonymous_8)","decl":{"start":{"line":120,"column":43},"end":{"line":120,"column":44}},"loc":{"start":{"line":120,"column":49},"end":{"line":126,"column":9}},"line":120},"9":{"name":"(anonymous_9)","decl":{"start":{"line":137,"column":27},"end":{"line":137,"column":28}},"loc":{"start":{"line":137,"column":33},"end":{"line":142,"column":3}},"line":137},"10":{"name":"(anonymous_10)","decl":{"start":{"line":149,"column":4},"end":{"line":149,"column":5}},"loc":{"start":{"line":149,"column":24},"end":{"line":153,"column":5}},"line":149}},"branchMap":{"0":{"loc":{"start":{"line":25,"column":10},"end":{"line":25,"column":26}},"type":"default-arg","locations":[{"start":{"line":25,"column":21},"end":{"line":25,"column":26}}],"line":25},"1":{"loc":{"start":{"line":25,"column":31},"end":{"line":25,"column":44}},"type":"binary-expr","locations":[{"start":{"line":25,"column":31},"end":{"line":25,"column":38}},{"start":{"line":25,"column":42},"end":{"line":25,"column":44}}],"line":25},"2":{"loc":{"start":{"line":40,"column":4},"end":{"line":43,"column":5}},"type":"if","locations":[{"start":{"line":40,"column":4},"end":{"line":43,"column":5}},{"start":{},"end":{}}],"line":40},"3":{"loc":{"start":{"line":44,"column":4},"end":{"line":47,"column":5}},"type":"if","locations":[{"start":{"line":44,"column":4},"end":{"line":47,"column":5}},{"start":{},"end":{}}],"line":44},"4":{"loc":{"start":{"line":48,"column":4},"end":{"line":51,"column":5}},"type":"if","locations":[{"start":{"line":48,"column":4},"end":{"line":51,"column":5}},{"start":{},"end":{}}],"line":48},"5":{"loc":{"start":{"line":57,"column":6},"end":{"line":63,"column":7}},"type":"if","locations":[{"start":{"line":57,"column":6},"end":{"line":63,"column":7}},{"start":{},"end":{}}],"line":57},"6":{"loc":{"start":{"line":57,"column":10},"end":{"line":57,"column":52}},"type":"binary-expr","locations":[{"start":{"line":57,"column":10},"end":{"line":57,"column":25}},{"start":{"line":57,"column":29},"end":{"line":57,"column":52}}],"line":57},"7":{"loc":{"start":{"line":64,"column":6},"end":{"line":70,"column":7}},"type":"if","locations":[{"start":{"line":64,"column":6},"end":{"line":70,"column":7}},{"start":{"line":67,"column":13},"end":{"line":70,"column":7}}],"line":64},"8":{"loc":{"start":{"line":67,"column":13},"end":{"line":70,"column":7}},"type":"if","locations":[{"start":{"line":67,"column":13},"end":{"line":70,"column":7}},{"start":{},"end":{}}],"line":67},"9":{"loc":{"start":{"line":81,"column":6},"end":{"line":84,"column":7}},"type":"if","locations":[{"start":{"line":81,"column":6},"end":{"line":84,"column":7}},{"start":{},"end":{}}],"line":81},"10":{"loc":{"start":{"line":81,"column":10},"end":{"line":81,"column":51}},"type":"binary-expr","locations":[{"start":{"line":81,"column":10},"end":{"line":81,"column":22}},{"start":{"line":81,"column":26},"end":{"line":81,"column":51}}],"line":81},"11":{"loc":{"start":{"line":99,"column":8},"end":{"line":104,"column":9}},"type":"if","locations":[{"start":{"line":99,"column":8},"end":{"line":104,"column":9}},{"start":{"line":101,"column":15},"end":{"line":104,"column":9}}],"line":99},"12":{"loc":{"start":{"line":99,"column":12},"end":{"line":99,"column":83}},"type":"binary-expr","locations":[{"start":{"line":99,"column":12},"end":{"line":99,"column":45}},{"start":{"line":99,"column":49},"end":{"line":99,"column":83}}],"line":99},"13":{"loc":{"start":{"line":103,"column":16},"end":{"line":103,"column":71}},"type":"binary-expr","locations":[{"start":{"line":103,"column":16},"end":{"line":103,"column":25}},{"start":{"line":103,"column":30},"end":{"line":103,"column":70}}],"line":103},"14":{"loc":{"start":{"line":113,"column":10},"end":{"line":116,"column":11}},"type":"if","locations":[{"start":{"line":113,"column":10},"end":{"line":116,"column":11}},{"start":{},"end":{}}],"line":113},"15":{"loc":{"start":{"line":131,"column":22},"end":{"line":131,"column":82}},"type":"cond-expr","locations":[{"start":{"line":131,"column":45},"end":{"line":131,"column":56}},{"start":{"line":131,"column":59},"end":{"line":131,"column":82}}],"line":131},"16":{"loc":{"start":{"line":150,"column":6},"end":{"line":152,"column":7}},"type":"if","locations":[{"start":{"line":150,"column":6},"end":{"line":152,"column":7}},{"start":{},"end":{}}],"line":150}},"s":{"0":0,"1":0,"2":0,"3":0,"4":0,"5":0,"6":0,"7":0,"8":0,"9":0,"10":0,"11":0,"12":0,"13":0,"14":0,"15":0,"16":0,"17":0,"18":0,"19":0,"20":0,"21":0,"22":0,"23":0,"24":0,"25":0,"26":0,"27":0,"28":0,"29":0,"30":0,"31":0,"32":0,"33":0,"34":0,"35":0,"36":0,"37":0,"38":0,"39":0,"40":0,"41":0,"42":0,"43":0,"44":0,"45":0,"46":0,"47":0,"48":0,"49":0,"50":0,"51":0,"52":0,"53":0,"54":0,"55":0,"56":0,"57":0,"58":0,"59":0,"60":0,"61":0,"62":0,"63":0,"64":0,"65":0,"66":0,"67":0,"68":0,"69":0,"70":0,"71":0,"72":0,"73":0,"74":0,"75":0,"76":0,"77":0},"f":{"0":0,"1":0,"2":0,"3":0,"4":0,"5":0,"6":0,"7":0,"8":0,"9":0,"10":0},"b":{"0":[0],"1":[0,0],"2":[0,0],"3":[0,0],"4":[0,0],"5":[0,0],"6":[0,0],"7":[0,0],"8":[0,0],"9":[0,0],"10":[0,0],"11":[0,0],"12":[0,0],"13":[0,0],"14":[0,0],"15":[0,0],"16":[0,0]}}
,"/Users/altanesmer/Desktop/Projects/tutoria-mobile-app/src/hooks/useHaptics.ts": {"path":"/Users/altanesmer/Desktop/Projects/tutoria-mobile-app/src/hooks/useHaptics.ts","statementMap":{"0":{"start":{"line":9,"column":24},"end":{"line":15,"column":8}},"1":{"start":{"line":10,"column":4},"end":{"line":14,"column":5}},"2":{"start":{"line":11,"column":6},"end":{"line":11,"column":80}},"3":{"start":{"line":17,"column":24},"end":{"line":23,"column":8}},"4":{"start":{"line":18,"column":4},"end":{"line":22,"column":5}},"5":{"start":{"line":19,"column":6},"end":{"line":19,"column":80}},"6":{"start":{"line":25,"column":28},"end":{"line":31,"column":8}},"7":{"start":{"line":26,"column":4},"end":{"line":30,"column":5}},"8":{"start":{"line":27,"column":6},"end":{"line":27,"column":68}},"9":{"start":{"line":33,"column":26},"end":{"line":39,"column":8}},"10":{"start":{"line":34,"column":4},"end":{"line":38,"column":5}},"11":{"start":{"line":35,"column":6},"end":{"line":35,"column":67}},"12":{"start":{"line":41,"column":2},"end":{"line":41,"column":78}}},"fnMap":{"0":{"name":"useHaptics","decl":{"start":{"line":8,"column":16},"end":{"line":8,"column":26}},"loc":{"start":{"line":8,"column":29},"end":{"line":42,"column":1}},"line":8},"1":{"name":"(anonymous_1)","decl":{"start":{"line":9,"column":36},"end":{"line":9,"column":37}},"loc":{"start":{"line":9,"column":48},"end":{"line":15,"column":3}},"line":9},"2":{"name":"(anonymous_2)","decl":{"start":{"line":17,"column":36},"end":{"line":17,"column":37}},"loc":{"start":{"line":17,"column":48},"end":{"line":23,"column":3}},"line":17},"3":{"name":"(anonymous_3)","decl":{"start":{"line":25,"column":40},"end":{"line":25,"column":41}},"loc":{"start":{"line":25,"column":52},"end":{"line":31,"column":3}},"line":25},"4":{"name":"(anonymous_4)","decl":{"start":{"line":33,"column":38},"end":{"line":33,"column":39}},"loc":{"start":{"line":33,"column":50},"end":{"line":39,"column":3}},"line":33}},"branchMap":{},"s":{"0":0,"1":0,"2":0,"3":0,"4":0,"5":0,"6":0,"7":0,"8":0,"9":0,"10":0,"11":0,"12":0},"f":{"0":0,"1":0,"2":0,"3":0,"4":0},"b":{}}
,"/Users/altanesmer/Desktop/Projects/tutoria-mobile-app/src/hooks/useNetworkState.ts": {"path":"/Users/altanesmer/Desktop/Projects/tutoria-mobile-app/src/hooks/useNetworkState.ts","statementMap":{"0":{"start":{"line":8,"column":26},"end":{"line":8,"column":67}},"1":{"start":{"line":8,"column":49},"end":{"line":8,"column":66}},"2":{"start":{"line":10,"column":2},"end":{"line":61,"column":24}},"3":{"start":{"line":11,"column":23},"end":{"line":53,"column":5}},"4":{"start":{"line":15,"column":6},"end":{"line":51,"column":7}},"5":{"start":{"line":16,"column":24},"end":{"line":16,"column":50}},"6":{"start":{"line":18,"column":8},"end":{"line":25,"column":9}},"7":{"start":{"line":24,"column":10},"end":{"line":24,"column":17}},"8":{"start":{"line":26,"column":8},"end":{"line":31,"column":11}},"9":{"start":{"line":32,"column":13},"end":{"line":51,"column":7}},"10":{"start":{"line":36,"column":24},"end":{"line":36,"column":50}},"11":{"start":{"line":37,"column":8},"end":{"line":37,"column":43}},"12":{"start":{"line":37,"column":36},"end":{"line":37,"column":43}},"13":{"start":{"line":39,"column":8},"end":{"line":45,"column":9}},"14":{"start":{"line":44,"column":10},"end":{"line":44,"column":17}},"15":{"start":{"line":46,"column":8},"end":{"line":50,"column":11}},"16":{"start":{"line":55,"column":4},"end":{"line":55,"column":37}},"17":{"start":{"line":56,"column":24},"end":{"line":56,"column":60}},"18":{"start":{"line":58,"column":4},"end":{"line":60,"column":6}},"19":{"start":{"line":59,"column":6},"end":{"line":59,"column":20}},"20":{"start":{"line":64,"column":19},"end":{"line":64,"column":53}},"21":{"start":{"line":64,"column":42},"end":{"line":64,"column":52}},"22":{"start":{"line":65,"column":30},"end":{"line":65,"column":75}},"23":{"start":{"line":65,"column":53},"end":{"line":65,"column":74}},"24":{"start":{"line":66,"column":25},"end":{"line":66,"column":65}},"25":{"start":{"line":66,"column":48},"end":{"line":66,"column":64}},"26":{"start":{"line":68,"column":2},"end":{"line":68,"column":59}}},"fnMap":{"0":{"name":"useNetworkState","decl":{"start":{"line":5,"column":16},"end":{"line":5,"column":31}},"loc":{"start":{"line":5,"column":34},"end":{"line":69,"column":1}},"line":5},"1":{"name":"(anonymous_1)","decl":{"start":{"line":8,"column":42},"end":{"line":8,"column":43}},"loc":{"start":{"line":8,"column":49},"end":{"line":8,"column":66}},"line":8},"2":{"name":"(anonymous_2)","decl":{"start":{"line":10,"column":12},"end":{"line":10,"column":13}},"loc":{"start":{"line":10,"column":18},"end":{"line":61,"column":3}},"line":10},"3":{"name":"(anonymous_3)","decl":{"start":{"line":11,"column":23},"end":{"line":11,"column":24}},"loc":{"start":{"line":11,"column":48},"end":{"line":53,"column":5}},"line":11},"4":{"name":"(anonymous_4)","decl":{"start":{"line":58,"column":11},"end":{"line":58,"column":12}},"loc":{"start":{"line":58,"column":17},"end":{"line":60,"column":5}},"line":58},"5":{"name":"(anonymous_5)","decl":{"start":{"line":64,"column":35},"end":{"line":64,"column":36}},"loc":{"start":{"line":64,"column":42},"end":{"line":64,"column":52}},"line":64},"6":{"name":"(anonymous_6)","decl":{"start":{"line":65,"column":46},"end":{"line":65,"column":47}},"loc":{"start":{"line":65,"column":53},"end":{"line":65,"column":74}},"line":65},"7":{"name":"(anonymous_7)","decl":{"start":{"line":66,"column":41},"end":{"line":66,"column":42}},"loc":{"start":{"line":66,"column":48},"end":{"line":66,"column":64}},"line":66}},"branchMap":{"0":{"loc":{"start":{"line":15,"column":6},"end":{"line":51,"column":7}},"type":"if","locations":[{"start":{"line":15,"column":6},"end":{"line":51,"column":7}},{"start":{"line":32,"column":13},"end":{"line":51,"column":7}}],"line":15},"1":{"loc":{"start":{"line":18,"column":8},"end":{"line":25,"column":9}},"type":"if","locations":[{"start":{"line":18,"column":8},"end":{"line":25,"column":9}},{"start":{},"end":{}}],"line":18},"2":{"loc":{"start":{"line":19,"column":10},"end":{"line":22,"column":47}},"type":"binary-expr","locations":[{"start":{"line":19,"column":10},"end":{"line":19,"column":35}},{"start":{"line":20,"column":10},"end":{"line":20,"column":40}},{"start":{"line":21,"column":10},"end":{"line":21,"column":67}},{"start":{"line":22,"column":10},"end":{"line":22,"column":47}}],"line":19},"3":{"loc":{"start":{"line":32,"column":13},"end":{"line":51,"column":7}},"type":"if","locations":[{"start":{"line":32,"column":13},"end":{"line":51,"column":7}},{"start":{},"end":{}}],"line":32},"4":{"loc":{"start":{"line":37,"column":8},"end":{"line":37,"column":43}},"type":"if","locations":[{"start":{"line":37,"column":8},"end":{"line":37,"column":43}},{"start":{},"end":{}}],"line":37},"5":{"loc":{"start":{"line":39,"column":8},"end":{"line":45,"column":9}},"type":"if","locations":[{"start":{"line":39,"column":8},"end":{"line":45,"column":9}},{"start":{},"end":{}}],"line":39},"6":{"loc":{"start":{"line":40,"column":10},"end":{"line":42,"column":47}},"type":"binary-expr","locations":[{"start":{"line":40,"column":10},"end":{"line":40,"column":36}},{"start":{"line":41,"column":10},"end":{"line":41,"column":67}},{"start":{"line":42,"column":10},"end":{"line":42,"column":47}}],"line":40}},"s":{"0":0,"1":0,"2":0,"3":0,"4":0,"5":0,"6":0,"7":0,"8":0,"9":0,"10":0,"11":0,"12":0,"13":0,"14":0,"15":0,"16":0,"17":0,"18":0,"19":0,"20":0,"21":0,"22":0,"23":0,"24":0,"25":0,"26":0},"f":{"0":0,"1":0,"2":0,"3":0,"4":0,"5":0,"6":0,"7":0},"b":{"0":[0,0],"1":[0,0],"2":[0,0,0,0],"3":[0,0],"4":[0,0],"5":[0,0],"6":[0,0,0]}}
,"/Users/altanesmer/Desktop/Projects/tutoria-mobile-app/src/hooks/useNfc.ts": {"path":"/Users/altanesmer/Desktop/Projects/tutoria-mobile-app/src/hooks/useNfc.ts","statementMap":{"0":{"start":{"line":11,"column":23},"end":{"line":11,"column":57}},"1":{"start":{"line":11,"column":42},"end":{"line":11,"column":56}},"2":{"start":{"line":12,"column":21},"end":{"line":12,"column":53}},"3":{"start":{"line":12,"column":40},"end":{"line":12,"column":52}},"4":{"start":{"line":13,"column":22},"end":{"line":13,"column":55}},"5":{"start":{"line":13,"column":41},"end":{"line":13,"column":54}},"6":{"start":{"line":14,"column":19},"end":{"line":14,"column":49}},"7":{"start":{"line":14,"column":38},"end":{"line":14,"column":48}},"8":{"start":{"line":15,"column":21},"end":{"line":15,"column":53}},"9":{"start":{"line":15,"column":40},"end":{"line":15,"column":52}},"10":{"start":{"line":17,"column":21},"end":{"line":17,"column":53}},"11":{"start":{"line":17,"column":40},"end":{"line":17,"column":52}},"12":{"start":{"line":18,"column":22},"end":{"line":18,"column":55}},"13":{"start":{"line":18,"column":41},"end":{"line":18,"column":54}},"14":{"start":{"line":19,"column":20},"end":{"line":19,"column":51}},"15":{"start":{"line":19,"column":39},"end":{"line":19,"column":50}},"16":{"start":{"line":20,"column":16},"end":{"line":20,"column":43}},"17":{"start":{"line":20,"column":35},"end":{"line":20,"column":42}},"18":{"start":{"line":21,"column":18},"end":{"line":21,"column":47}},"19":{"start":{"line":21,"column":37},"end":{"line":21,"column":46}},"20":{"start":{"line":23,"column":2},"end":{"line":36,"column":33}},"21":{"start":{"line":24,"column":4},"end":{"line":31,"column":9}},"22":{"start":{"line":25,"column":24},"end":{"line":25,"column":39}},"23":{"start":{"line":26,"column":6},"end":{"line":26,"column":30}},"24":{"start":{"line":27,"column":6},"end":{"line":30,"column":7}},"25":{"start":{"line":28,"column":24},"end":{"line":28,"column":44}},"26":{"start":{"line":29,"column":8},"end":{"line":29,"column":28}},"27":{"start":{"line":33,"column":4},"end":{"line":35,"column":6}},"28":{"start":{"line":34,"column":6},"end":{"line":34,"column":19}},"29":{"start":{"line":38,"column":15},"end":{"line":53,"column":41}},"30":{"start":{"line":39,"column":4},"end":{"line":39,"column":22}},"31":{"start":{"line":40,"column":4},"end":{"line":40,"column":19}},"32":{"start":{"line":42,"column":4},"end":{"line":52,"column":5}},"33":{"start":{"line":43,"column":18},"end":{"line":43,"column":33}},"34":{"start":{"line":44,"column":6},"end":{"line":44,"column":22}},"35":{"start":{"line":45,"column":6},"end":{"line":45,"column":17}},"36":{"start":{"line":47,"column":22},"end":{"line":47,"column":76}},"37":{"start":{"line":48,"column":6},"end":{"line":48,"column":24}},"38":{"start":{"line":49,"column":6},"end":{"line":49,"column":18}},"39":{"start":{"line":51,"column":6},"end":{"line":51,"column":25}},"40":{"start":{"line":55,"column":2},"end":{"line":62,"column":4}}},"fnMap":{"0":{"name":"useNfc","decl":{"start":{"line":9,"column":16},"end":{"line":9,"column":22}},"loc":{"start":{"line":9,"column":25},"end":{"line":63,"column":1}},"line":9},"1":{"name":"(anonymous_1)","decl":{"start":{"line":11,"column":35},"end":{"line":11,"column":36}},"loc":{"start":{"line":11,"column":42},"end":{"line":11,"column":56}},"line":11},"2":{"name":"(anonymous_2)","decl":{"start":{"line":12,"column":33},"end":{"line":12,"column":34}},"loc":{"start":{"line":12,"column":40},"end":{"line":12,"column":52}},"line":12},"3":{"name":"(anonymous_3)","decl":{"start":{"line":13,"column":34},"end":{"line":13,"column":35}},"loc":{"start":{"line":13,"column":41},"end":{"line":13,"column":54}},"line":13},"4":{"name":"(anonymous_4)","decl":{"start":{"line":14,"column":31},"end":{"line":14,"column":32}},"loc":{"start":{"line":14,"column":38},"end":{"line":14,"column":48}},"line":14},"5":{"name":"(anonymous_5)","decl":{"start":{"line":15,"column":33},"end":{"line":15,"column":34}},"loc":{"start":{"line":15,"column":40},"end":{"line":15,"column":52}},"line":15},"6":{"name":"(anonymous_6)","decl":{"start":{"line":17,"column":33},"end":{"line":17,"column":34}},"loc":{"start":{"line":17,"column":40},"end":{"line":17,"column":52}},"line":17},"7":{"name":"(anonymous_7)","decl":{"start":{"line":18,"column":34},"end":{"line":18,"column":35}},"loc":{"start":{"line":18,"column":41},"end":{"line":18,"column":54}},"line":18},"8":{"name":"(anonymous_8)","decl":{"start":{"line":19,"column":32},"end":{"line":19,"column":33}},"loc":{"start":{"line":19,"column":39},"end":{"line":19,"column":50}},"line":19},"9":{"name":"(anonymous_9)","decl":{"start":{"line":20,"column":28},"end":{"line":20,"column":29}},"loc":{"start":{"line":20,"column":35},"end":{"line":20,"column":42}},"line":20},"10":{"name":"(anonymous_10)","decl":{"start":{"line":21,"column":30},"end":{"line":21,"column":31}},"loc":{"start":{"line":21,"column":37},"end":{"line":21,"column":46}},"line":21},"11":{"name":"(anonymous_11)","decl":{"start":{"line":23,"column":12},"end":{"line":23,"column":13}},"loc":{"start":{"line":23,"column":18},"end":{"line":36,"column":3}},"line":23},"12":{"name":"(anonymous_12)","decl":{"start":{"line":24,"column":5},"end":{"line":24,"column":6}},"loc":{"start":{"line":24,"column":17},"end":{"line":31,"column":5}},"line":24},"13":{"name":"(anonymous_13)","decl":{"start":{"line":33,"column":11},"end":{"line":33,"column":12}},"loc":{"start":{"line":33,"column":17},"end":{"line":35,"column":5}},"line":33},"14":{"name":"(anonymous_14)","decl":{"start":{"line":38,"column":27},"end":{"line":38,"column":28}},"loc":{"start":{"line":38,"column":39},"end":{"line":53,"column":3}},"line":38}},"branchMap":{"0":{"loc":{"start":{"line":27,"column":6},"end":{"line":30,"column":7}},"type":"if","locations":[{"start":{"line":27,"column":6},"end":{"line":30,"column":7}},{"start":{},"end":{}}],"line":27},"1":{"loc":{"start":{"line":47,"column":22},"end":{"line":47,"column":76}},"type":"cond-expr","locations":[{"start":{"line":47,"column":45},"end":{"line":47,"column":56}},{"start":{"line":47,"column":59},"end":{"line":47,"column":76}}],"line":47}},"s":{"0":0,"1":0,"2":0,"3":0,"4":0,"5":0,"6":0,"7":0,"8":0,"9":0,"10":0,"11":0,"12":0,"13":0,"14":0,"15":0,"16":0,"17":0,"18":0,"19":0,"20":0,"21":0,"22":0,"23":0,"24":0,"25":0,"26":0,"27":0,"28":0,"29":0,"30":0,"31":0,"32":0,"33":0,"34":0,"35":0,"36":0,"37":0,"38":0,"39":0,"40":0},"f":{"0":0,"1":0,"2":0,"3":0,"4":0,"5":0,"6":0,"7":0,"8":0,"9":0,"10":0,"11":0,"12":0,"13":0,"14":0},"b":{"0":[0,0],"1":[0,0]}}
,"/Users/altanesmer/Desktop/Projects/tutoria-mobile-app/src/hooks/usePronunciation.ts": {"path":"/Users/altanesmer/Desktop/Projects/tutoria-mobile-app/src/hooks/usePronunciation.ts","statementMap":{"0":{"start":{"line":22,"column":29},"end":{"line":22,"column":31}},"1":{"start":{"line":26,"column":24},"end":{"line":26,"column":28}},"2":{"start":{"line":27,"column":26},"end":{"line":27,"column":27}},"3":{"start":{"line":28,"column":23},"end":{"line":28,"column":26}},"4":{"start":{"line":29,"column":24},"end":{"line":29,"column":28}},"5":{"start":{"line":35,"column":40},"end":{"line":35,"column":55}},"6":{"start":{"line":36,"column":38},"end":{"line":36,"column":53}},"7":{"start":{"line":37,"column":30},"end":{"line":37,"column":79}},"8":{"start":{"line":38,"column":28},"end":{"line":38,"column":57}},"9":{"start":{"line":39,"column":56},"end":{"line":39,"column":67}},"10":{"start":{"line":40,"column":42},"end":{"line":40,"column":57}},"11":{"start":{"line":42,"column":31},"end":{"line":42,"column":80}},"12":{"start":{"line":47,"column":19},"end":{"line":62,"column":4}},"13":{"start":{"line":63,"column":24},"end":{"line":63,"column":77}},"14":{"start":{"line":66,"column":25},"end":{"line":66,"column":38}},"15":{"start":{"line":69,"column":18},"end":{"line":69,"column":27}},"16":{"start":{"line":70,"column":26},"end":{"line":70,"column":39}},"17":{"start":{"line":71,"column":24},"end":{"line":71,"column":35}},"18":{"start":{"line":72,"column":31},"end":{"line":72,"column":51}},"19":{"start":{"line":73,"column":31},"end":{"line":73,"column":44}},"20":{"start":{"line":74,"column":37},"end":{"line":74,"column":46}},"21":{"start":{"line":75,"column":32},"end":{"line":75,"column":41}},"22":{"start":{"line":76,"column":31},"end":{"line":76,"column":58}},"23":{"start":{"line":84,"column":2},"end":{"line":142,"column":44}},"24":{"start":{"line":85,"column":4},"end":{"line":85,"column":29}},"25":{"start":{"line":85,"column":22},"end":{"line":85,"column":29}},"26":{"start":{"line":86,"column":24},"end":{"line":86,"column":46}},"27":{"start":{"line":87,"column":4},"end":{"line":87,"column":66}},"28":{"start":{"line":87,"column":59},"end":{"line":87,"column":66}},"29":{"start":{"line":92,"column":4},"end":{"line":98,"column":5}},"30":{"start":{"line":97,"column":6},"end":{"line":97,"column":13}},"31":{"start":{"line":99,"column":4},"end":{"line":99,"column":47}},"32":{"start":{"line":100,"column":4},"end":{"line":100,"column":39}},"33":{"start":{"line":102,"column":23},"end":{"line":102,"column":72}},"34":{"start":{"line":104,"column":4},"end":{"line":106,"column":5}},"35":{"start":{"line":105,"column":6},"end":{"line":105,"column":35}},"36":{"start":{"line":110,"column":30},"end":{"line":110,"column":78}},"37":{"start":{"line":111,"column":4},"end":{"line":121,"column":5}},"38":{"start":{"line":112,"column":6},"end":{"line":112,"column":52}},"39":{"start":{"line":113,"column":6},"end":{"line":119,"column":7}},"40":{"start":{"line":115,"column":10},"end":{"line":116,"column":45}},"41":{"start":{"line":115,"column":56},"end":{"line":115,"column":61}},"42":{"start":{"line":117,"column":8},"end":{"line":117,"column":67}},"43":{"start":{"line":118,"column":8},"end":{"line":118,"column":44}},"44":{"start":{"line":124,"column":4},"end":{"line":130,"column":5}},"45":{"start":{"line":125,"column":6},"end":{"line":129,"column":7}},"46":{"start":{"line":126,"column":8},"end":{"line":126,"column":48}},"47":{"start":{"line":128,"column":8},"end":{"line":128,"column":47}},"48":{"start":{"line":132,"column":4},"end":{"line":141,"column":5}},"49":{"start":{"line":139,"column":6},"end":{"line":139,"column":37}},"50":{"start":{"line":140,"column":6},"end":{"line":140,"column":28}},"51":{"start":{"line":144,"column":25},"end":{"line":195,"column":16}},"52":{"start":{"line":145,"column":4},"end":{"line":145,"column":35}},"53":{"start":{"line":151,"column":4},"end":{"line":151,"column":24}},"54":{"start":{"line":152,"column":4},"end":{"line":152,"column":36}},"55":{"start":{"line":153,"column":4},"end":{"line":153,"column":27}},"56":{"start":{"line":154,"column":4},"end":{"line":154,"column":38}},"57":{"start":{"line":155,"column":4},"end":{"line":155,"column":41}},"58":{"start":{"line":156,"column":4},"end":{"line":156,"column":43}},"59":{"start":{"line":157,"column":4},"end":{"line":157,"column":32}},"60":{"start":{"line":158,"column":4},"end":{"line":158,"column":38}},"61":{"start":{"line":160,"column":4},"end":{"line":194,"column":5}},"62":{"start":{"line":161,"column":6},"end":{"line":161,"column":21}},"63":{"start":{"line":162,"column":6},"end":{"line":162,"column":22}},"64":{"start":{"line":164,"column":26},"end":{"line":164,"column":66}},"65":{"start":{"line":165,"column":6},"end":{"line":165,"column":73}},"66":{"start":{"line":165,"column":20},"end":{"line":165,"column":73}},"67":{"start":{"line":167,"column":6},"end":{"line":167,"column":41}},"68":{"start":{"line":167,"column":34},"end":{"line":167,"column":41}},"69":{"start":{"line":170,"column":6},"end":{"line":170,"column":82}},"70":{"start":{"line":172,"column":6},"end":{"line":172,"column":41}},"71":{"start":{"line":172,"column":34},"end":{"line":172,"column":41}},"72":{"start":{"line":174,"column":6},"end":{"line":174,"column":44}},"73":{"start":{"line":176,"column":6},"end":{"line":185,"column":7}},"74":{"start":{"line":179,"column":8},"end":{"line":183,"column":9}},"75":{"start":{"line":180,"column":10},"end":{"line":180,"column":32}},"76":{"start":{"line":184,"column":8},"end":{"line":184,"column":15}},"77":{"start":{"line":187,"column":6},"end":{"line":187,"column":24}},"78":{"start":{"line":188,"column":6},"end":{"line":188,"column":27}},"79":{"start":{"line":190,"column":6},"end":{"line":190,"column":67}},"80":{"start":{"line":191,"column":6},"end":{"line":193,"column":7}},"81":{"start":{"line":192,"column":8},"end":{"line":192,"column":83}},"82":{"start":{"line":198,"column":23},"end":{"line":332,"column":3}},"83":{"start":{"line":200,"column":6},"end":{"line":200,"column":36}},"84":{"start":{"line":201,"column":6},"end":{"line":201,"column":28}},"85":{"start":{"line":204,"column":6},"end":{"line":206,"column":7}},"86":{"start":{"line":205,"column":8},"end":{"line":205,"column":20}},"87":{"start":{"line":208,"column":6},"end":{"line":208,"column":26}},"88":{"start":{"line":210,"column":6},"end":{"line":329,"column":7}},"89":{"start":{"line":211,"column":8},"end":{"line":211,"column":30}},"90":{"start":{"line":212,"column":8},"end":{"line":212,"column":64}},"91":{"start":{"line":214,"column":8},"end":{"line":214,"column":59}},"92":{"start":{"line":214,"column":39},"end":{"line":214,"column":57}},"93":{"start":{"line":218,"column":8},"end":{"line":222,"column":9}},"94":{"start":{"line":219,"column":10},"end":{"line":219,"column":87}},"95":{"start":{"line":226,"column":8},"end":{"line":234,"column":11}},"96":{"start":{"line":235,"column":8},"end":{"line":238,"column":9}},"97":{"start":{"line":236,"column":10},"end":{"line":236,"column":91}},"98":{"start":{"line":237,"column":10},"end":{"line":237,"column":22}},"99":{"start":{"line":240,"column":20},"end":{"line":240,"column":32}},"100":{"start":{"line":242,"column":8},"end":{"line":242,"column":54}},"101":{"start":{"line":242,"column":18},"end":{"line":242,"column":54}},"102":{"start":{"line":245,"column":21},"end":{"line":245,"column":55}},"103":{"start":{"line":246,"column":29},"end":{"line":246,"column":71}},"104":{"start":{"line":247,"column":8},"end":{"line":251,"column":11}},"105":{"start":{"line":252,"column":8},"end":{"line":256,"column":9}},"106":{"start":{"line":253,"column":10},"end":{"line":253,"column":75}},"107":{"start":{"line":254,"column":10},"end":{"line":254,"column":53}},"108":{"start":{"line":254,"column":43},"end":{"line":254,"column":51}},"109":{"start":{"line":255,"column":10},"end":{"line":255,"column":22}},"110":{"start":{"line":258,"column":23},"end":{"line":260,"column":10}},"111":{"start":{"line":262,"column":8},"end":{"line":262,"column":69}},"112":{"start":{"line":263,"column":8},"end":{"line":267,"column":9}},"113":{"start":{"line":264,"column":10},"end":{"line":264,"column":75}},"114":{"start":{"line":265,"column":10},"end":{"line":265,"column":53}},"115":{"start":{"line":265,"column":43},"end":{"line":265,"column":51}},"116":{"start":{"line":266,"column":10},"end":{"line":266,"column":22}},"117":{"start":{"line":270,"column":8},"end":{"line":274,"column":11}},"118":{"start":{"line":275,"column":8},"end":{"line":279,"column":9}},"119":{"start":{"line":276,"column":10},"end":{"line":276,"column":67}},"120":{"start":{"line":277,"column":10},"end":{"line":277,"column":53}},"121":{"start":{"line":277,"column":43},"end":{"line":277,"column":51}},"122":{"start":{"line":278,"column":10},"end":{"line":278,"column":22}},"123":{"start":{"line":282,"column":26},"end":{"line":282,"column":70}},"124":{"start":{"line":283,"column":54},"end":{"line":292,"column":9}},"125":{"start":{"line":294,"column":28},"end":{"line":294,"column":90}},"126":{"start":{"line":296,"column":8},"end":{"line":305,"column":10}},"127":{"start":{"line":308,"column":8},"end":{"line":311,"column":9}},"128":{"start":{"line":309,"column":10},"end":{"line":309,"column":73}},"129":{"start":{"line":310,"column":10},"end":{"line":310,"column":22}},"130":{"start":{"line":313,"column":8},"end":{"line":313,"column":31}},"131":{"start":{"line":314,"column":8},"end":{"line":314,"column":34}},"132":{"start":{"line":315,"column":8},"end":{"line":315,"column":27}},"133":{"start":{"line":317,"column":8},"end":{"line":325,"column":11}},"134":{"start":{"line":318,"column":23},"end":{"line":318,"column":31}},"135":{"start":{"line":319,"column":10},"end":{"line":323,"column":12}},"136":{"start":{"line":324,"column":10},"end":{"line":324,"column":22}},"137":{"start":{"line":326,"column":8},"end":{"line":326,"column":20}},"138":{"start":{"line":328,"column":8},"end":{"line":328,"column":29}},"139":{"start":{"line":334,"column":24},"end":{"line":336,"column":8}},"140":{"start":{"line":335,"column":4},"end":{"line":335,"column":30}},"141":{"start":{"line":338,"column":2},"end":{"line":349,"column":4}},"142":{"start":{"line":354,"column":0},"end":{"line":354,"column":21}}},"fnMap":{"0":{"name":"usePronunciation","decl":{"start":{"line":34,"column":16},"end":{"line":34,"column":32}},"loc":{"start":{"line":34,"column":35},"end":{"line":350,"column":1}},"line":34},"1":{"name":"(anonymous_1)","decl":{"start":{"line":84,"column":12},"end":{"line":84,"column":13}},"loc":{"start":{"line":84,"column":18},"end":{"line":142,"column":3}},"line":84},"2":{"name":"(anonymous_2)","decl":{"start":{"line":115,"column":46},"end":{"line":115,"column":47}},"loc":{"start":{"line":115,"column":56},"end":{"line":115,"column":61}},"line":115},"3":{"name":"(anonymous_3)","decl":{"start":{"line":144,"column":37},"end":{"line":144,"column":38}},"loc":{"start":{"line":144,"column":49},"end":{"line":195,"column":3}},"line":144},"4":{"name":"(anonymous_4)","decl":{"start":{"line":199,"column":4},"end":{"line":199,"column":5}},"loc":{"start":{"line":199,"column":83},"end":{"line":330,"column":5}},"line":199},"5":{"name":"(anonymous_5)","decl":{"start":{"line":214,"column":32},"end":{"line":214,"column":33}},"loc":{"start":{"line":214,"column":39},"end":{"line":214,"column":57}},"line":214},"6":{"name":"(anonymous_6)","decl":{"start":{"line":254,"column":33},"end":{"line":254,"column":34}},"loc":{"start":{"line":254,"column":43},"end":{"line":254,"column":51}},"line":254},"7":{"name":"(anonymous_7)","decl":{"start":{"line":265,"column":33},"end":{"line":265,"column":34}},"loc":{"start":{"line":265,"column":43},"end":{"line":265,"column":51}},"line":265},"8":{"name":"(anonymous_8)","decl":{"start":{"line":277,"column":33},"end":{"line":277,"column":34}},"loc":{"start":{"line":277,"column":43},"end":{"line":277,"column":51}},"line":277},"9":{"name":"(anonymous_9)","decl":{"start":{"line":317,"column":31},"end":{"line":317,"column":32}},"loc":{"start":{"line":317,"column":41},"end":{"line":325,"column":9}},"line":317},"10":{"name":"(anonymous_10)","decl":{"start":{"line":334,"column":36},"end":{"line":334,"column":37}},"loc":{"start":{"line":334,"column":42},"end":{"line":336,"column":3}},"line":334}},"branchMap":{"0":{"loc":{"start":{"line":85,"column":4},"end":{"line":85,"column":29}},"type":"if","locations":[{"start":{"line":85,"column":4},"end":{"line":85,"column":29}},{"start":{},"end":{}}],"line":85},"1":{"loc":{"start":{"line":87,"column":4},"end":{"line":87,"column":66}},"type":"if","locations":[{"start":{"line":87,"column":4},"end":{"line":87,"column":66}},{"start":{},"end":{}}],"line":87},"2":{"loc":{"start":{"line":87,"column":8},"end":{"line":87,"column":57}},"type":"binary-expr","locations":[{"start":{"line":87,"column":8},"end":{"line":87,"column":33}},{"start":{"line":87,"column":37},"end":{"line":87,"column":57}}],"line":87},"3":{"loc":{"start":{"line":92,"column":4},"end":{"line":98,"column":5}},"type":"if","locations":[{"start":{"line":92,"column":4},"end":{"line":98,"column":5}},{"start":{},"end":{}}],"line":92},"4":{"loc":{"start":{"line":93,"column":6},"end":{"line":95,"column":50}},"type":"binary-expr","locations":[{"start":{"line":93,"column":6},"end":{"line":93,"column":41}},{"start":{"line":94,"column":6},"end":{"line":94,"column":43}},{"start":{"line":95,"column":6},"end":{"line":95,"column":50}}],"line":93},"5":{"loc":{"start":{"line":104,"column":4},"end":{"line":106,"column":5}},"type":"if","locations":[{"start":{"line":104,"column":4},"end":{"line":106,"column":5}},{"start":{},"end":{}}],"line":104},"6":{"loc":{"start":{"line":111,"column":4},"end":{"line":121,"column":5}},"type":"if","locations":[{"start":{"line":111,"column":4},"end":{"line":121,"column":5}},{"start":{},"end":{}}],"line":111},"7":{"loc":{"start":{"line":113,"column":6},"end":{"line":119,"column":7}},"type":"if","locations":[{"start":{"line":113,"column":6},"end":{"line":119,"column":7}},{"start":{},"end":{}}],"line":113},"8":{"loc":{"start":{"line":124,"column":4},"end":{"line":130,"column":5}},"type":"if","locations":[{"start":{"line":124,"column":4},"end":{"line":130,"column":5}},{"start":{},"end":{}}],"line":124},"9":{"loc":{"start":{"line":125,"column":6},"end":{"line":129,"column":7}},"type":"if","locations":[{"start":{"line":125,"column":6},"end":{"line":129,"column":7}},{"start":{"line":127,"column":13},"end":{"line":129,"column":7}}],"line":125},"10":{"loc":{"start":{"line":132,"column":4},"end":{"line":141,"column":5}},"type":"if","locations":[{"start":{"line":132,"column":4},"end":{"line":141,"column":5}},{"start":{},"end":{}}],"line":132},"11":{"loc":{"start":{"line":133,"column":6},"end":{"line":137,"column":98}},"type":"binary-expr","locations":[{"start":{"line":133,"column":6},"end":{"line":133,"column":30}},{"start":{"line":135,"column":7},"end":{"line":135,"column":41}},{"start":{"line":137,"column":9},"end":{"line":137,"column":37}},{"start":{"line":137,"column":41},"end":{"line":137,"column":96}}],"line":133},"12":{"loc":{"start":{"line":165,"column":6},"end":{"line":165,"column":73}},"type":"if","locations":[{"start":{"line":165,"column":6},"end":{"line":165,"column":73}},{"start":{},"end":{}}],"line":165},"13":{"loc":{"start":{"line":167,"column":6},"end":{"line":167,"column":41}},"type":"if","locations":[{"start":{"line":167,"column":6},"end":{"line":167,"column":41}},{"start":{},"end":{}}],"line":167},"14":{"loc":{"start":{"line":172,"column":6},"end":{"line":172,"column":41}},"type":"if","locations":[{"start":{"line":172,"column":6},"end":{"line":172,"column":41}},{"start":{},"end":{}}],"line":172},"15":{"loc":{"start":{"line":176,"column":6},"end":{"line":185,"column":7}},"type":"if","locations":[{"start":{"line":176,"column":6},"end":{"line":185,"column":7}},{"start":{},"end":{}}],"line":176},"16":{"loc":{"start":{"line":191,"column":6},"end":{"line":193,"column":7}},"type":"if","locations":[{"start":{"line":191,"column":6},"end":{"line":193,"column":7}},{"start":{},"end":{}}],"line":191},"17":{"loc":{"start":{"line":192,"column":17},"end":{"line":192,"column":81}},"type":"cond-expr","locations":[{"start":{"line":192,"column":40},"end":{"line":192,"column":51}},{"start":{"line":192,"column":54},"end":{"line":192,"column":81}}],"line":192},"18":{"loc":{"start":{"line":204,"column":6},"end":{"line":206,"column":7}},"type":"if","locations":[{"start":{"line":204,"column":6},"end":{"line":206,"column":7}},{"start":{},"end":{}}],"line":204},"19":{"loc":{"start":{"line":235,"column":8},"end":{"line":238,"column":9}},"type":"if","locations":[{"start":{"line":235,"column":8},"end":{"line":238,"column":9}},{"start":{},"end":{}}],"line":235},"20":{"loc":{"start":{"line":242,"column":8},"end":{"line":242,"column":54}},"type":"if","locations":[{"start":{"line":242,"column":8},"end":{"line":242,"column":54}},{"start":{},"end":{}}],"line":242},"21":{"loc":{"start":{"line":252,"column":8},"end":{"line":256,"column":9}},"type":"if","locations":[{"start":{"line":252,"column":8},"end":{"line":256,"column":9}},{"start":{},"end":{}}],"line":252},"22":{"loc":{"start":{"line":252,"column":12},"end":{"line":252,"column":59}},"type":"binary-expr","locations":[{"start":{"line":252,"column":12},"end":{"line":252,"column":24}},{"start":{"line":252,"column":28},"end":{"line":252,"column":59}}],"line":252},"23":{"loc":{"start":{"line":252,"column":29},"end":{"line":252,"column":51}},"type":"binary-expr","locations":[{"start":{"line":252,"column":29},"end":{"line":252,"column":46}},{"start":{"line":252,"column":50},"end":{"line":252,"column":51}}],"line":252},"24":{"loc":{"start":{"line":263,"column":8},"end":{"line":267,"column":9}},"type":"if","locations":[{"start":{"line":263,"column":8},"end":{"line":267,"column":9}},{"start":{},"end":{}}],"line":263},"25":{"loc":{"start":{"line":275,"column":8},"end":{"line":279,"column":9}},"type":"if","locations":[{"start":{"line":275,"column":8},"end":{"line":279,"column":9}},{"start":{},"end":{}}],"line":275},"26":{"loc":{"start":{"line":275,"column":12},"end":{"line":275,"column":52}},"type":"binary-expr","locations":[{"start":{"line":275,"column":12},"end":{"line":275,"column":31}},{"start":{"line":275,"column":35},"end":{"line":275,"column":52}}],"line":275},"27":{"loc":{"start":{"line":290,"column":14},"end":{"line":290,"column":46}},"type":"cond-expr","locations":[{"start":{"line":290,"column":27},"end":{"line":290,"column":41}},{"start":{"line":290,"column":44},"end":{"line":290,"column":46}}],"line":290},"28":{"loc":{"start":{"line":291,"column":14},"end":{"line":291,"column":44}},"type":"cond-expr","locations":[{"start":{"line":291,"column":26},"end":{"line":291,"column":39}},{"start":{"line":291,"column":42},"end":{"line":291,"column":44}}],"line":291},"29":{"loc":{"start":{"line":308,"column":8},"end":{"line":311,"column":9}},"type":"if","locations":[{"start":{"line":308,"column":8},"end":{"line":311,"column":9}},{"start":{},"end":{}}],"line":308},"30":{"loc":{"start":{"line":320,"column":12},"end":{"line":322,"column":51}},"type":"cond-expr","locations":[{"start":{"line":321,"column":16},"end":{"line":321,"column":74}},{"start":{"line":322,"column":16},"end":{"line":322,"column":51}}],"line":320}},"s":{"0":0,"1":0,"2":0,"3":0,"4":0,"5":0,"6":0,"7":0,"8":0,"9":0,"10":0,"11":0,"12":0,"13":0,"14":0,"15":0,"16":0,"17":0,"18":0,"19":0,"20":0,"21":0,"22":0,"23":0,"24":0,"25":0,"26":0,"27":0,"28":0,"29":0,"30":0,"31":0,"32":0,"33":0,"34":0,"35":0,"36":0,"37":0,"38":0,"39":0,"40":0,"41":0,"42":0,"43":0,"44":0,"45":0,"46":0,"47":0,"48":0,"49":0,"50":0,"51":0,"52":0,"53":0,"54":0,"55":0,"56":0,"57":0,"58":0,"59":0,"60":0,"61":0,"62":0,"63":0,"64":0,"65":0,"66":0,"67":0,"68":0,"69":0,"70":0,"71":0,"72":0,"73":0,"74":0,"75":0,"76":0,"77":0,"78":0,"79":0,"80":0,"81":0,"82":0,"83":0,"84":0,"85":0,"86":0,"87":0,"88":0,"89":0,"90":0,"91":0,"92":0,"93":0,"94":0,"95":0,"96":0,"97":0,"98":0,"99":0,"100":0,"101":0,"102":0,"103":0,"104":0,"105":0,"106":0,"107":0,"108":0,"109":0,"110":0,"111":0,"112":0,"113":0,"114":0,"115":0,"116":0,"117":0,"118":0,"119":0,"120":0,"121":0,"122":0,"123":0,"124":0,"125":0,"126":0,"127":0,"128":0,"129":0,"130":0,"131":0,"132":0,"133":0,"134":0,"135":0,"136":0,"137":0,"138":0,"139":0,"140":0,"141":0,"142":0},"f":{"0":0,"1":0,"2":0,"3":0,"4":0,"5":0,"6":0,"7":0,"8":0,"9":0,"10":0},"b":{"0":[0,0],"1":[0,0],"2":[0,0],"3":[0,0],"4":[0,0,0],"5":[0,0],"6":[0,0],"7":[0,0],"8":[0,0],"9":[0,0],"10":[0,0],"11":[0,0,0,0],"12":[0,0],"13":[0,0],"14":[0,0],"15":[0,0],"16":[0,0],"17":[0,0],"18":[0,0],"19":[0,0],"20":[0,0],"21":[0,0],"22":[0,0],"23":[0,0],"24":[0,0],"25":[0,0],"26":[0,0],"27":[0,0],"28":[0,0],"29":[0,0],"30":[0,0]}}
,"/Users/altanesmer/Desktop/Projects/tutoria-mobile-app/src/services/api/audio.ts": {"path":"/Users/altanesmer/Desktop/Projects/tutoria-mobile-app/src/services/api/audio.ts","statementMap":{"0":{"start":{"line":10,"column":2},"end":{"line":10,"column":77}},"1":{"start":{"line":14,"column":19},"end":{"line":16,"column":4}},"2":{"start":{"line":17,"column":2},"end":{"line":17,"column":14}}},"fnMap":{"0":{"name":"getAudioProxyUrl","decl":{"start":{"line":9,"column":16},"end":{"line":9,"column":32}},"loc":{"start":{"line":9,"column":57},"end":{"line":11,"column":1}},"line":9},"1":{"name":"resolveSounds","decl":{"start":{"line":13,"column":22},"end":{"line":13,"column":35}},"loc":{"start":{"line":13,"column":99},"end":{"line":18,"column":1}},"line":13}},"branchMap":{"0":{"loc":{"start":{"line":13,"column":49},"end":{"line":13,"column":65}},"type":"default-arg","locations":[{"start":{"line":13,"column":60},"end":{"line":13,"column":65}}],"line":13}},"s":{"0":0,"1":0,"2":0},"f":{"0":0,"1":0},"b":{"0":[0]}}
,"/Users/altanesmer/Desktop/Projects/tutoria-mobile-app/src/services/api/client.ts": {"path":"/Users/altanesmer/Desktop/Projects/tutoria-mobile-app/src/services/api/client.ts","statementMap":{"0":{"start":{"line":20,"column":21},"end":{"line":20,"column":52}},"1":{"start":{"line":26,"column":18},"end":{"line":33,"column":2}},"2":{"start":{"line":35,"column":36},"end":{"line":35,"column":40}},"3":{"start":{"line":47,"column":2},"end":{"line":47,"column":16}},"4":{"start":{"line":57,"column":2},"end":{"line":57,"column":34}},"5":{"start":{"line":62,"column":0},"end":{"line":65,"column":3}},"6":{"start":{"line":63,"column":2},"end":{"line":63,"column":58}},"7":{"start":{"line":64,"column":2},"end":{"line":64,"column":16}},"8":{"start":{"line":68,"column":0},"end":{"line":106,"column":2}},"9":{"start":{"line":69,"column":16},"end":{"line":69,"column":24}},"10":{"start":{"line":71,"column":4},"end":{"line":73,"column":5}},"11":{"start":{"line":72,"column":6},"end":{"line":72,"column":19}},"12":{"start":{"line":75,"column":4},"end":{"line":103,"column":5}},"13":{"start":{"line":76,"column":31},"end":{"line":76,"column":45}},"14":{"start":{"line":77,"column":18},"end":{"line":77,"column":36}},"15":{"start":{"line":78,"column":6},"end":{"line":80,"column":7}},"16":{"start":{"line":79,"column":8},"end":{"line":79,"column":37}},"17":{"start":{"line":81,"column":21},"end":{"line":81,"column":56}},"18":{"start":{"line":82,"column":18},"end":{"line":82,"column":56}},"19":{"start":{"line":83,"column":22},"end":{"line":83,"column":69}},"20":{"start":{"line":84,"column":6},"end":{"line":84,"column":68}},"21":{"start":{"line":88,"column":6},"end":{"line":100,"column":7}},"22":{"start":{"line":89,"column":8},"end":{"line":94,"column":9}},"23":{"start":{"line":90,"column":30},"end":{"line":90,"column":96}},"24":{"start":{"line":91,"column":10},"end":{"line":91,"column":60}},"25":{"start":{"line":95,"column":8},"end":{"line":99,"column":9}},"26":{"start":{"line":96,"column":10},"end":{"line":96,"column":70}},"27":{"start":{"line":98,"column":10},"end":{"line":98,"column":73}},"28":{"start":{"line":101,"column":11},"end":{"line":103,"column":5}},"29":{"start":{"line":102,"column":6},"end":{"line":102,"column":66}},"30":{"start":{"line":104,"column":4},"end":{"line":104,"column":33}}},"fnMap":{"0":{"name":"setTokenGetter","decl":{"start":{"line":38,"column":16},"end":{"line":38,"column":30}},"loc":{"start":{"line":38,"column":81},"end":{"line":40,"column":1}},"line":38},"1":{"name":"setSignOutHandler","decl":{"start":{"line":46,"column":16},"end":{"line":46,"column":33}},"loc":{"start":{"line":46,"column":65},"end":{"line":48,"column":1}},"line":46},"2":{"name":"setAuthToken","decl":{"start":{"line":51,"column":16},"end":{"line":51,"column":28}},"loc":{"start":{"line":51,"column":58},"end":{"line":53,"column":1}},"line":51},"3":{"name":"getAuthHeader","decl":{"start":{"line":56,"column":16},"end":{"line":56,"column":29}},"loc":{"start":{"line":56,"column":40},"end":{"line":58,"column":1}},"line":56},"4":{"name":"(anonymous_4)","decl":{"start":{"line":62,"column":35},"end":{"line":62,"column":36}},"loc":{"start":{"line":62,"column":47},"end":{"line":65,"column":1}},"line":62},"5":{"name":"(anonymous_5)","decl":{"start":{"line":69,"column":2},"end":{"line":69,"column":3}},"loc":{"start":{"line":69,"column":16},"end":{"line":69,"column":24}},"line":69},"6":{"name":"(anonymous_6)","decl":{"start":{"line":70,"column":2},"end":{"line":70,"column":3}},"loc":{"start":{"line":70,"column":19},"end":{"line":105,"column":3}},"line":70}},"branchMap":{"0":{"loc":{"start":{"line":71,"column":4},"end":{"line":73,"column":5}},"type":"if","locations":[{"start":{"line":71,"column":4},"end":{"line":73,"column":5}},{"start":{},"end":{}}],"line":71},"1":{"loc":{"start":{"line":75,"column":4},"end":{"line":103,"column":5}},"type":"if","locations":[{"start":{"line":75,"column":4},"end":{"line":103,"column":5}},{"start":{"line":101,"column":11},"end":{"line":103,"column":5}}],"line":75},"2":{"loc":{"start":{"line":77,"column":18},"end":{"line":77,"column":36}},"type":"binary-expr","locations":[{"start":{"line":77,"column":18},"end":{"line":77,"column":30}},{"start":{"line":77,"column":34},"end":{"line":77,"column":36}}],"line":77},"3":{"loc":{"start":{"line":78,"column":6},"end":{"line":80,"column":7}},"type":"if","locations":[{"start":{"line":78,"column":6},"end":{"line":80,"column":7}},{"start":{},"end":{}}],"line":78},"4":{"loc":{"start":{"line":81,"column":22},"end":{"line":81,"column":41}},"type":"binary-expr","locations":[{"start":{"line":81,"column":22},"end":{"line":81,"column":32}},{"start":{"line":81,"column":36},"end":{"line":81,"column":41}}],"line":81},"5":{"loc":{"start":{"line":82,"column":21},"end":{"line":82,"column":38}},"type":"binary-expr","locations":[{"start":{"line":82,"column":21},"end":{"line":82,"column":32}},{"start":{"line":82,"column":36},"end":{"line":82,"column":38}}],"line":82},"6":{"loc":{"start":{"line":82,"column":41},"end":{"line":82,"column":54}},"type":"binary-expr","locations":[{"start":{"line":82,"column":41},"end":{"line":82,"column":48}},{"start":{"line":82,"column":52},"end":{"line":82,"column":54}}],"line":82},"7":{"loc":{"start":{"line":83,"column":22},"end":{"line":83,"column":69}},"type":"binary-expr","locations":[{"start":{"line":83,"column":22},"end":{"line":83,"column":33}},{"start":{"line":83,"column":37},"end":{"line":83,"column":50}},{"start":{"line":83,"column":54},"end":{"line":83,"column":69}}],"line":83},"8":{"loc":{"start":{"line":88,"column":6},"end":{"line":100,"column":7}},"type":"if","locations":[{"start":{"line":88,"column":6},"end":{"line":100,"column":7}},{"start":{},"end":{}}],"line":88},"9":{"loc":{"start":{"line":90,"column":30},"end":{"line":90,"column":96}},"type":"cond-expr","locations":[{"start":{"line":90,"column":61},"end":{"line":90,"column":69}},{"start":{"line":90,"column":72},"end":{"line":90,"column":96}}],"line":90},"10":{"loc":{"start":{"line":101,"column":11},"end":{"line":103,"column":5}},"type":"if","locations":[{"start":{"line":101,"column":11},"end":{"line":103,"column":5}},{"start":{},"end":{}}],"line":101}},"s":{"0":0,"1":0,"2":0,"3":0,"4":0,"5":0,"6":0,"7":0,"8":0,"9":0,"10":0,"11":0,"12":0,"13":0,"14":0,"15":0,"16":0,"17":0,"18":0,"19":0,"20":0,"21":0,"22":0,"23":0,"24":0,"25":0,"26":0,"27":0,"28":0,"29":0,"30":0},"f":{"0":0,"1":0,"2":0,"3":0,"4":0,"5":0,"6":0},"b":{"0":[0,0],"1":[0,0],"2":[0,0],"3":[0,0],"4":[0,0],"5":[0,0],"6":[0,0],"7":[0,0,0],"8":[0,0],"9":[0,0],"10":[0,0]}}
,"/Users/altanesmer/Desktop/Projects/tutoria-mobile-app/src/services/api/idempotency.ts": {"path":"/Users/altanesmer/Desktop/Projects/tutoria-mobile-app/src/services/api/idempotency.ts","statementMap":{"0":{"start":{"line":11,"column":2},"end":{"line":11,"column":81}}},"fnMap":{"0":{"name":"makeIdempotencyKey","decl":{"start":{"line":10,"column":16},"end":{"line":10,"column":34}},"loc":{"start":{"line":10,"column":45},"end":{"line":12,"column":1}},"line":10}},"branchMap":{},"s":{"0":0},"f":{"0":0},"b":{}}
,"/Users/altanesmer/Desktop/Projects/tutoria-mobile-app/src/services/api/modules.ts": {"path":"/Users/altanesmer/Desktop/Projects/tutoria-mobile-app/src/services/api/modules.ts","statementMap":{"0":{"start":{"line":27,"column":4},"end":{"line":27,"column":99}},"1":{"start":{"line":30,"column":4},"end":{"line":33,"column":13}},"2":{"start":{"line":36,"column":4},"end":{"line":38,"column":13}},"3":{"start":{"line":42,"column":24},"end":{"line":44,"column":15}},"4":{"start":{"line":45,"column":2},"end":{"line":56,"column":3}},"5":{"start":{"line":46,"column":4},"end":{"line":49,"column":6}},"6":{"start":{"line":51,"column":21},"end":{"line":51,"column":60}},"7":{"start":{"line":52,"column":21},"end":{"line":52,"column":74}},"8":{"start":{"line":53,"column":4},"end":{"line":55,"column":5}},"9":{"start":{"line":54,"column":6},"end":{"line":54,"column":74}},"10":{"start":{"line":58,"column":2},"end":{"line":65,"column":4}},"11":{"start":{"line":69,"column":2},"end":{"line":74,"column":4}},"12":{"start":{"line":72,"column":6},"end":{"line":72,"column":64}},"13":{"start":{"line":84,"column":18},"end":{"line":163,"column":3}},"14":{"start":{"line":86,"column":6},"end":{"line":86,"column":39}},"15":{"start":{"line":86,"column":27},"end":{"line":86,"column":39}},"16":{"start":{"line":92,"column":23},"end":{"line":94,"column":19}},"17":{"start":{"line":95,"column":6},"end":{"line":95,"column":41}},"18":{"start":{"line":95,"column":29},"end":{"line":95,"column":41}},"19":{"start":{"line":96,"column":25},"end":{"line":100,"column":7}},"20":{"start":{"line":97,"column":8},"end":{"line":99,"column":17}},"21":{"start":{"line":103,"column":8},"end":{"line":105,"column":21}},"22":{"start":{"line":103,"column":31},"end":{"line":103,"column":56}},"23":{"start":{"line":104,"column":31},"end":{"line":104,"column":60}},"24":{"start":{"line":107,"column":27},"end":{"line":107,"column":66}},"25":{"start":{"line":107,"column":44},"end":{"line":107,"column":66}},"26":{"start":{"line":108,"column":21},"end":{"line":108,"column":74}},"27":{"start":{"line":108,"column":59},"end":{"line":108,"column":72}},"28":{"start":{"line":109,"column":25},"end":{"line":114,"column":7}},"29":{"start":{"line":112,"column":23},"end":{"line":112,"column":57}},"30":{"start":{"line":113,"column":25},"end":{"line":113,"column":46}},"31":{"start":{"line":115,"column":6},"end":{"line":155,"column":7}},"32":{"start":{"line":116,"column":8},"end":{"line":154,"column":9}},"33":{"start":{"line":117,"column":27},"end":{"line":117,"column":61}},"34":{"start":{"line":118,"column":10},"end":{"line":145,"column":11}},"35":{"start":{"line":122,"column":12},"end":{"line":134,"column":13}},"36":{"start":{"line":123,"column":14},"end":{"line":123,"column":48}},"37":{"start":{"line":124,"column":14},"end":{"line":124,"column":41}},"38":{"start":{"line":125,"column":19},"end":{"line":134,"column":13}},"39":{"start":{"line":126,"column":14},"end":{"line":126,"column":44}},"40":{"start":{"line":127,"column":14},"end":{"line":127,"column":37}},"41":{"start":{"line":128,"column":19},"end":{"line":134,"column":13}},"42":{"start":{"line":129,"column":14},"end":{"line":129,"column":57}},"43":{"start":{"line":130,"column":14},"end":{"line":130,"column":40}},"44":{"start":{"line":131,"column":19},"end":{"line":134,"column":13}},"45":{"start":{"line":132,"column":14},"end":{"line":132,"column":62}},"46":{"start":{"line":133,"column":14},"end":{"line":133,"column":46}},"47":{"start":{"line":135,"column":12},"end":{"line":144,"column":13}},"48":{"start":{"line":136,"column":14},"end":{"line":142,"column":16}},"49":{"start":{"line":143,"column":14},"end":{"line":143,"column":55}},"50":{"start":{"line":146,"column":10},"end":{"line":151,"column":12}},"51":{"start":{"line":153,"column":10},"end":{"line":153,"column":97}},"52":{"start":{"line":156,"column":6},"end":{"line":160,"column":8}},"53":{"start":{"line":161,"column":6},"end":{"line":161,"column":18}},"54":{"start":{"line":164,"column":2},"end":{"line":167,"column":4}},"55":{"start":{"line":166,"column":37},"end":{"line":166,"column":93}},"56":{"start":{"line":171,"column":14},"end":{"line":171,"column":43}},"57":{"start":{"line":172,"column":2},"end":{"line":174,"column":3}},"58":{"start":{"line":173,"column":4},"end":{"line":173,"column":26}},"59":{"start":{"line":175,"column":17},"end":{"line":175,"column":47}},"60":{"start":{"line":176,"column":2},"end":{"line":176,"column":28}},"61":{"start":{"line":176,"column":14},"end":{"line":176,"column":28}},"62":{"start":{"line":178,"column":2},"end":{"line":188,"column":3}},"63":{"start":{"line":179,"column":21},"end":{"line":181,"column":6}},"64":{"start":{"line":182,"column":4},"end":{"line":182,"column":48}},"65":{"start":{"line":183,"column":4},"end":{"line":183,"column":16}},"66":{"start":{"line":185,"column":18},"end":{"line":185,"column":53}},"67":{"start":{"line":186,"column":4},"end":{"line":186,"column":33}},"68":{"start":{"line":186,"column":15},"end":{"line":186,"column":33}},"69":{"start":{"line":187,"column":4},"end":{"line":187,"column":14}},"70":{"start":{"line":192,"column":19},"end":{"line":194,"column":4}},"71":{"start":{"line":195,"column":2},"end":{"line":195,"column":14}},"72":{"start":{"line":202,"column":14},"end":{"line":202,"column":53}},"73":{"start":{"line":203,"column":2},"end":{"line":212,"column":3}},"74":{"start":{"line":204,"column":21},"end":{"line":204,"column":96}},"75":{"start":{"line":205,"column":23},"end":{"line":205,"column":45}},"76":{"start":{"line":206,"column":4},"end":{"line":206,"column":54}},"77":{"start":{"line":207,"column":4},"end":{"line":207,"column":22}},"78":{"start":{"line":209,"column":18},"end":{"line":209,"column":55}},"79":{"start":{"line":210,"column":4},"end":{"line":210,"column":51}},"80":{"start":{"line":210,"column":15},"end":{"line":210,"column":51}},"81":{"start":{"line":211,"column":4},"end":{"line":211,"column":14}},"82":{"start":{"line":219,"column":2},"end":{"line":219,"column":72}},"83":{"start":{"line":226,"column":19},"end":{"line":230,"column":3}},"84":{"start":{"line":231,"column":2},"end":{"line":231,"column":14}},"85":{"start":{"line":235,"column":2},"end":{"line":235,"column":79}},"86":{"start":{"line":239,"column":2},"end":{"line":239,"column":74}},"87":{"start":{"line":245,"column":19},"end":{"line":245,"column":72}},"88":{"start":{"line":246,"column":2},"end":{"line":246,"column":14}}},"fnMap":{"0":{"name":"normalizeWordData","decl":{"start":{"line":25,"column":9},"end":{"line":25,"column":26}},"loc":{"start":{"line":25,"column":67},"end":{"line":66,"column":1}},"line":25},"1":{"name":"normalizeSession","decl":{"start":{"line":68,"column":9},"end":{"line":68,"column":25}},"loc":{"start":{"line":68,"column":61},"end":{"line":75,"column":1}},"line":68},"2":{"name":"(anonymous_2)","decl":{"start":{"line":71,"column":35},"end":{"line":71,"column":36}},"loc":{"start":{"line":72,"column":6},"end":{"line":72,"column":64}},"line":72},"3":{"name":"resolveSessionAudioPaths","decl":{"start":{"line":83,"column":22},"end":{"line":83,"column":46}},"loc":{"start":{"line":83,"column":91},"end":{"line":168,"column":1}},"line":83},"4":{"name":"(anonymous_4)","decl":{"start":{"line":85,"column":25},"end":{"line":85,"column":26}},"loc":{"start":{"line":85,"column":41},"end":{"line":162,"column":5}},"line":85},"5":{"name":"(anonymous_5)","decl":{"start":{"line":96,"column":38},"end":{"line":96,"column":39}},"loc":{"start":{"line":97,"column":8},"end":{"line":99,"column":17}},"line":97},"6":{"name":"(anonymous_6)","decl":{"start":{"line":103,"column":24},"end":{"line":103,"column":25}},"loc":{"start":{"line":103,"column":31},"end":{"line":103,"column":56}},"line":103},"7":{"name":"(anonymous_7)","decl":{"start":{"line":104,"column":24},"end":{"line":104,"column":25}},"loc":{"start":{"line":104,"column":31},"end":{"line":104,"column":60}},"line":104},"8":{"name":"(anonymous_8)","decl":{"start":{"line":107,"column":27},"end":{"line":107,"column":28}},"loc":{"start":{"line":107,"column":44},"end":{"line":107,"column":66}},"line":107},"9":{"name":"(anonymous_9)","decl":{"start":{"line":108,"column":52},"end":{"line":108,"column":53}},"loc":{"start":{"line":108,"column":59},"end":{"line":108,"column":72}},"line":108},"10":{"name":"(anonymous_10)","decl":{"start":{"line":112,"column":15},"end":{"line":112,"column":16}},"loc":{"start":{"line":112,"column":23},"end":{"line":112,"column":57}},"line":112},"11":{"name":"(anonymous_11)","decl":{"start":{"line":113,"column":18},"end":{"line":113,"column":19}},"loc":{"start":{"line":113,"column":25},"end":{"line":113,"column":46}},"line":113},"12":{"name":"(anonymous_12)","decl":{"start":{"line":166,"column":26},"end":{"line":166,"column":27}},"loc":{"start":{"line":166,"column":37},"end":{"line":166,"column":93}},"line":166},"13":{"name":"getMissions","decl":{"start":{"line":170,"column":22},"end":{"line":170,"column":33}},"loc":{"start":{"line":170,"column":88},"end":{"line":189,"column":1}},"line":170},"14":{"name":"getModuleStatus","decl":{"start":{"line":191,"column":22},"end":{"line":191,"column":37}},"loc":{"start":{"line":191,"column":98},"end":{"line":196,"column":1}},"line":191},"15":{"name":"startOrResumeModule","decl":{"start":{"line":198,"column":22},"end":{"line":198,"column":41}},"loc":{"start":{"line":201,"column":24},"end":{"line":213,"column":1}},"line":201},"16":{"name":"getCachedSession","decl":{"start":{"line":215,"column":22},"end":{"line":215,"column":38}},"loc":{"start":{"line":218,"column":31},"end":{"line":220,"column":1}},"line":218},"17":{"name":"completeWord","decl":{"start":{"line":222,"column":22},"end":{"line":222,"column":34}},"loc":{"start":{"line":225,"column":35},"end":{"line":232,"column":1}},"line":225},"18":{"name":"abandonModule","decl":{"start":{"line":234,"column":22},"end":{"line":234,"column":35}},"loc":{"start":{"line":234,"column":88},"end":{"line":236,"column":1}},"line":234},"19":{"name":"completeSession","decl":{"start":{"line":238,"column":22},"end":{"line":238,"column":37}},"loc":{"start":{"line":238,"column":90},"end":{"line":240,"column":1}},"line":238},"20":{"name":"batchModuleStatus","decl":{"start":{"line":242,"column":22},"end":{"line":242,"column":39}},"loc":{"start":{"line":244,"column":81},"end":{"line":247,"column":1}},"line":244}},"branchMap":{"0":{"loc":{"start":{"line":27,"column":4},"end":{"line":27,"column":99}},"type":"binary-expr","locations":[{"start":{"line":27,"column":5},"end":{"line":27,"column":46}},{"start":{"line":27,"column":52},"end":{"line":27,"column":92}},{"start":{"line":27,"column":97},"end":{"line":27,"column":99}}],"line":27},"1":{"loc":{"start":{"line":30,"column":4},"end":{"line":33,"column":13}},"type":"binary-expr","locations":[{"start":{"line":30,"column":5},"end":{"line":30,"column":44}},{"start":{"line":31,"column":5},"end":{"line":31,"column":43}},{"start":{"line":32,"column":5},"end":{"line":32,"column":43}},{"start":{"line":33,"column":4},"end":{"line":33,"column":13}}],"line":30},"2":{"loc":{"start":{"line":36,"column":4},"end":{"line":38,"column":13}},"type":"binary-expr","locations":[{"start":{"line":36,"column":5},"end":{"line":36,"column":44}},{"start":{"line":37,"column":5},"end":{"line":37,"column":43}},{"start":{"line":38,"column":4},"end":{"line":38,"column":13}}],"line":36},"3":{"loc":{"start":{"line":45,"column":2},"end":{"line":56,"column":3}},"type":"if","locations":[{"start":{"line":45,"column":2},"end":{"line":56,"column":3}},{"start":{"line":50,"column":9},"end":{"line":56,"column":3}}],"line":45},"4":{"loc":{"start":{"line":45,"column":6},"end":{"line":45,"column":73}},"type":"binary-expr","locations":[{"start":{"line":45,"column":6},"end":{"line":45,"column":19}},{"start":{"line":45,"column":24},"end":{"line":45,"column":46}},{"start":{"line":45,"column":50},"end":{"line":45,"column":72}}],"line":45},"5":{"loc":{"start":{"line":47,"column":16},"end":{"line":47,"column":44}},"type":"binary-expr","locations":[{"start":{"line":47,"column":16},"end":{"line":47,"column":38}},{"start":{"line":47,"column":42},"end":{"line":47,"column":44}}],"line":47},"6":{"loc":{"start":{"line":48,"column":16},"end":{"line":48,"column":44}},"type":"binary-expr","locations":[{"start":{"line":48,"column":16},"end":{"line":48,"column":38}},{"start":{"line":48,"column":42},"end":{"line":48,"column":44}}],"line":48},"7":{"loc":{"start":{"line":53,"column":4},"end":{"line":55,"column":5}},"type":"if","locations":[{"start":{"line":53,"column":4},"end":{"line":55,"column":5}},{"start":{},"end":{}}],"line":53},"8":{"loc":{"start":{"line":53,"column":8},"end":{"line":53,"column":28}},"type":"binary-expr","locations":[{"start":{"line":53,"column":8},"end":{"line":53,"column":16}},{"start":{"line":53,"column":20},"end":{"line":53,"column":28}}],"line":53},"9":{"loc":{"start":{"line":54,"column":31},"end":{"line":54,"column":45}},"type":"binary-expr","locations":[{"start":{"line":54,"column":31},"end":{"line":54,"column":39}},{"start":{"line":54,"column":43},"end":{"line":54,"column":45}}],"line":54},"10":{"loc":{"start":{"line":54,"column":57},"end":{"line":54,"column":71}},"type":"binary-expr","locations":[{"start":{"line":54,"column":57},"end":{"line":54,"column":65}},{"start":{"line":54,"column":69},"end":{"line":54,"column":71}}],"line":54},"11":{"loc":{"start":{"line":60,"column":8},"end":{"line":60,"column":35}},"type":"binary-expr","locations":[{"start":{"line":60,"column":9},"end":{"line":60,"column":28}},{"start":{"line":60,"column":33},"end":{"line":60,"column":35}}],"line":60},"12":{"loc":{"start":{"line":86,"column":6},"end":{"line":86,"column":39}},"type":"if","locations":[{"start":{"line":86,"column":6},"end":{"line":86,"column":39}},{"start":{},"end":{}}],"line":86},"13":{"loc":{"start":{"line":95,"column":6},"end":{"line":95,"column":41}},"type":"if","locations":[{"start":{"line":95,"column":6},"end":{"line":95,"column":41}},{"start":{},"end":{}}],"line":95},"14":{"loc":{"start":{"line":97,"column":8},"end":{"line":99,"column":17}},"type":"cond-expr","locations":[{"start":{"line":98,"column":12},"end":{"line":98,"column":72}},{"start":{"line":99,"column":12},"end":{"line":99,"column":17}}],"line":97},"15":{"loc":{"start":{"line":98,"column":32},"end":{"line":98,"column":70}},"type":"cond-expr","locations":[{"start":{"line":98,"column":44},"end":{"line":98,"column":58}},{"start":{"line":98,"column":61},"end":{"line":98,"column":70}}],"line":98},"16":{"loc":{"start":{"line":103,"column":8},"end":{"line":105,"column":21}},"type":"binary-expr","locations":[{"start":{"line":103,"column":8},"end":{"line":103,"column":57}},{"start":{"line":104,"column":8},"end":{"line":104,"column":61}},{"start":{"line":105,"column":8},"end":{"line":105,"column":21}}],"line":103},"17":{"loc":{"start":{"line":118,"column":10},"end":{"line":145,"column":11}},"type":"if","locations":[{"start":{"line":118,"column":10},"end":{"line":145,"column":11}},{"start":{},"end":{}}],"line":118},"18":{"loc":{"start":{"line":122,"column":12},"end":{"line":134,"column":13}},"type":"if","locations":[{"start":{"line":122,"column":12},"end":{"line":134,"column":13}},{"start":{"line":125,"column":19},"end":{"line":134,"column":13}}],"line":122},"19":{"loc":{"start":{"line":125,"column":19},"end":{"line":134,"column":13}},"type":"if","locations":[{"start":{"line":125,"column":19},"end":{"line":134,"column":13}},{"start":{"line":128,"column":19},"end":{"line":134,"column":13}}],"line":125},"20":{"loc":{"start":{"line":128,"column":19},"end":{"line":134,"column":13}},"type":"if","locations":[{"start":{"line":128,"column":19},"end":{"line":134,"column":13}},{"start":{"line":131,"column":19},"end":{"line":134,"column":13}}],"line":128},"21":{"loc":{"start":{"line":131,"column":19},"end":{"line":134,"column":13}},"type":"if","locations":[{"start":{"line":131,"column":19},"end":{"line":134,"column":13}},{"start":{},"end":{}}],"line":131},"22":{"loc":{"start":{"line":135,"column":12},"end":{"line":144,"column":13}},"type":"if","locations":[{"start":{"line":135,"column":12},"end":{"line":144,"column":13}},{"start":{},"end":{}}],"line":135},"23":{"loc":{"start":{"line":141,"column":48},"end":{"line":141,"column":69}},"type":"binary-expr","locations":[{"start":{"line":141,"column":48},"end":{"line":141,"column":56}},{"start":{"line":141,"column":60},"end":{"line":141,"column":69}}],"line":141},"24":{"loc":{"start":{"line":166,"column":37},"end":{"line":166,"column":93}},"type":"cond-expr","locations":[{"start":{"line":166,"column":64},"end":{"line":166,"column":71}},{"start":{"line":166,"column":74},"end":{"line":166,"column":93}}],"line":166},"25":{"loc":{"start":{"line":170,"column":53},"end":{"line":170,"column":66}},"type":"default-arg","locations":[{"start":{"line":170,"column":61},"end":{"line":170,"column":66}}],"line":170},"26":{"loc":{"start":{"line":172,"column":2},"end":{"line":174,"column":3}},"type":"if","locations":[{"start":{"line":172,"column":2},"end":{"line":174,"column":3}},{"start":{},"end":{}}],"line":172},"27":{"loc":{"start":{"line":176,"column":2},"end":{"line":176,"column":28}},"type":"if","locations":[{"start":{"line":176,"column":2},"end":{"line":176,"column":28}},{"start":{},"end":{}}],"line":176},"28":{"loc":{"start":{"line":186,"column":4},"end":{"line":186,"column":33}},"type":"if","locations":[{"start":{"line":186,"column":4},"end":{"line":186,"column":33}},{"start":{},"end":{}}],"line":186},"29":{"loc":{"start":{"line":210,"column":4},"end":{"line":210,"column":51}},"type":"if","locations":[{"start":{"line":210,"column":4},"end":{"line":210,"column":51}},{"start":{},"end":{}}],"line":210}},"s":{"0":0,"1":0,"2":0,"3":0,"4":0,"5":0,"6":0,"7":0,"8":0,"9":0,"10":0,"11":0,"12":0,"13":0,"14":0,"15":0,"16":0,"17":0,"18":0,"19":0,"20":0,"21":0,"22":0,"23":0,"24":0,"25":0,"26":0,"27":0,"28":0,"29":0,"30":0,"31":0,"32":0,"33":0,"34":0,"35":0,"36":0,"37":0,"38":0,"39":0,"40":0,"41":0,"42":0,"43":0,"44":0,"45":0,"46":0,"47":0,"48":0,"49":0,"50":0,"51":0,"52":0,"53":0,"54":0,"55":0,"56":0,"57":0,"58":0,"59":0,"60":0,"61":0,"62":0,"63":0,"64":0,"65":0,"66":0,"67":0,"68":0,"69":0,"70":0,"71":0,"72":0,"73":0,"74":0,"75":0,"76":0,"77":0,"78":0,"79":0,"80":0,"81":0,"82":0,"83":0,"84":0,"85":0,"86":0,"87":0,"88":0},"f":{"0":0,"1":0,"2":0,"3":0,"4":0,"5":0,"6":0,"7":0,"8":0,"9":0,"10":0,"11":0,"12":0,"13":0,"14":0,"15":0,"16":0,"17":0,"18":0,"19":0,"20":0},"b":{"0":[0,0,0],"1":[0,0,0,0],"2":[0,0,0],"3":[0,0],"4":[0,0,0],"5":[0,0],"6":[0,0],"7":[0,0],"8":[0,0],"9":[0,0],"10":[0,0],"11":[0,0],"12":[0,0],"13":[0,0],"14":[0,0],"15":[0,0],"16":[0,0,0],"17":[0,0],"18":[0,0],"19":[0,0],"20":[0,0],"21":[0,0],"22":[0,0],"23":[0,0],"24":[0,0],"25":[0],"26":[0,0],"27":[0,0],"28":[0,0],"29":[0,0]}}
,"/Users/altanesmer/Desktop/Projects/tutoria-mobile-app/src/services/api/profiles.ts": {"path":"/Users/altanesmer/Desktop/Projects/tutoria-mobile-app/src/services/api/profiles.ts","statementMap":{"0":{"start":{"line":5,"column":19},"end":{"line":5,"column":84}},"1":{"start":{"line":6,"column":2},"end":{"line":6,"column":23}},"2":{"start":{"line":10,"column":19},"end":{"line":13,"column":3}},"3":{"start":{"line":14,"column":2},"end":{"line":14,"column":24}},"4":{"start":{"line":20,"column":19},"end":{"line":24,"column":42}},"5":{"start":{"line":25,"column":2},"end":{"line":25,"column":70}}},"fnMap":{"0":{"name":"listProfiles","decl":{"start":{"line":4,"column":22},"end":{"line":4,"column":34}},"loc":{"start":{"line":4,"column":57},"end":{"line":7,"column":1}},"line":4},"1":{"name":"createProfile","decl":{"start":{"line":9,"column":22},"end":{"line":9,"column":35}},"loc":{"start":{"line":9,"column":80},"end":{"line":15,"column":1}},"line":9},"2":{"name":"selectProfile","decl":{"start":{"line":17,"column":22},"end":{"line":17,"column":35}},"loc":{"start":{"line":19,"column":55},"end":{"line":26,"column":1}},"line":19}},"branchMap":{},"s":{"0":0,"1":0,"2":0,"3":0,"4":0,"5":0},"f":{"0":0,"1":0,"2":0},"b":{}}
,"/Users/altanesmer/Desktop/Projects/tutoria-mobile-app/src/services/api/progress.ts": {"path":"/Users/altanesmer/Desktop/Projects/tutoria-mobile-app/src/services/api/progress.ts","statementMap":{"0":{"start":{"line":6,"column":19},"end":{"line":6,"column":85}},"1":{"start":{"line":7,"column":2},"end":{"line":7,"column":14}},"2":{"start":{"line":19,"column":2},"end":{"line":24,"column":3}},"3":{"start":{"line":20,"column":4},"end":{"line":22,"column":6}},"4":{"start":{"line":23,"column":4},"end":{"line":23,"column":11}},"5":{"start":{"line":26,"column":14},"end":{"line":26,"column":75}},"6":{"start":{"line":27,"column":18},"end":{"line":27,"column":63}},"7":{"start":{"line":29,"column":2},"end":{"line":29,"column":46}}},"fnMap":{"0":{"name":"getProgress","decl":{"start":{"line":5,"column":22},"end":{"line":5,"column":33}},"loc":{"start":{"line":5,"column":80},"end":{"line":8,"column":1}},"line":5},"1":{"name":"saveProgress","decl":{"start":{"line":14,"column":22},"end":{"line":14,"column":34}},"loc":{"start":{"line":18,"column":17},"end":{"line":30,"column":1}},"line":18}},"branchMap":{"0":{"loc":{"start":{"line":19,"column":2},"end":{"line":24,"column":3}},"type":"if","locations":[{"start":{"line":19,"column":2},"end":{"line":24,"column":3}},{"start":{},"end":{}}],"line":19},"1":{"loc":{"start":{"line":19,"column":6},"end":{"line":19,"column":51}},"type":"binary-expr","locations":[{"start":{"line":19,"column":6},"end":{"line":19,"column":24}},{"start":{"line":19,"column":28},"end":{"line":19,"column":51}}],"line":19}},"s":{"0":2,"1":1,"2":4,"3":2,"4":2,"5":2,"6":2,"7":2},"f":{"0":2,"1":4},"b":{"0":[2,2],"1":[4,3]},"_coverageSchema":"1a1c01bbd47fc00a2c39e90264f33305004495a9","hash":"d836ab3f41c0d216d6a885247169721d514991a7"}
,"/Users/altanesmer/Desktop/Projects/tutoria-mobile-app/src/services/api/pronunciation.ts": {"path":"/Users/altanesmer/Desktop/Projects/tutoria-mobile-app/src/services/api/pronunciation.ts","statementMap":{"0":{"start":{"line":8,"column":42},"end":{"line":13,"column":3}},"1":{"start":{"line":14,"column":19},"end":{"line":21,"column":3}},"2":{"start":{"line":22,"column":2},"end":{"line":22,"column":14}}},"fnMap":{"0":{"name":"checkPronunciation","decl":{"start":{"line":5,"column":22},"end":{"line":5,"column":40}},"loc":{"start":{"line":7,"column":39},"end":{"line":23,"column":1}},"line":7}},"branchMap":{"0":{"loc":{"start":{"line":19,"column":10},"end":{"line":19,"column":76}},"type":"cond-expr","locations":[{"start":{"line":19,"column":26},"end":{"line":19,"column":71}},{"start":{"line":19,"column":74},"end":{"line":19,"column":76}}],"line":19}},"s":{"0":0,"1":0,"2":0},"f":{"0":0},"b":{"0":[0,0]}}
,"/Users/altanesmer/Desktop/Projects/tutoria-mobile-app/src/services/api/syllabus.ts": {"path":"/Users/altanesmer/Desktop/Projects/tutoria-mobile-app/src/services/api/syllabus.ts","statementMap":{"0":{"start":{"line":6,"column":25},"end":{"line":6,"column":48}},"1":{"start":{"line":9,"column":17},"end":{"line":9,"column":58}},"2":{"start":{"line":10,"column":2},"end":{"line":10,"column":28}},"3":{"start":{"line":10,"column":14},"end":{"line":10,"column":28}},"4":{"start":{"line":12,"column":2},"end":{"line":22,"column":3}},"5":{"start":{"line":13,"column":21},"end":{"line":15,"column":5}},"6":{"start":{"line":16,"column":4},"end":{"line":16,"column":72}},"7":{"start":{"line":17,"column":4},"end":{"line":17,"column":23}},"8":{"start":{"line":19,"column":18},"end":{"line":19,"column":64}},"9":{"start":{"line":20,"column":4},"end":{"line":20,"column":33}},"10":{"start":{"line":20,"column":15},"end":{"line":20,"column":33}},"11":{"start":{"line":21,"column":4},"end":{"line":21,"column":14}},"12":{"start":{"line":26,"column":16},"end":{"line":26,"column":62}},"13":{"start":{"line":27,"column":2},"end":{"line":27,"column":26}},"14":{"start":{"line":27,"column":14},"end":{"line":27,"column":26}},"15":{"start":{"line":28,"column":2},"end":{"line":28,"column":40}}},"fnMap":{"0":{"name":"getStages","decl":{"start":{"line":8,"column":22},"end":{"line":8,"column":31}},"loc":{"start":{"line":8,"column":52},"end":{"line":23,"column":1}},"line":8},"1":{"name":"getStagesCacheInfo","decl":{"start":{"line":25,"column":22},"end":{"line":25,"column":40}},"loc":{"start":{"line":25,"column":82},"end":{"line":29,"column":1}},"line":25}},"branchMap":{"0":{"loc":{"start":{"line":10,"column":2},"end":{"line":10,"column":28}},"type":"if","locations":[{"start":{"line":10,"column":2},"end":{"line":10,"column":28}},{"start":{},"end":{}}],"line":10},"1":{"loc":{"start":{"line":20,"column":4},"end":{"line":20,"column":33}},"type":"if","locations":[{"start":{"line":20,"column":4},"end":{"line":20,"column":33}},{"start":{},"end":{}}],"line":20},"2":{"loc":{"start":{"line":27,"column":2},"end":{"line":27,"column":26}},"type":"if","locations":[{"start":{"line":27,"column":2},"end":{"line":27,"column":26}},{"start":{},"end":{}}],"line":27}},"s":{"0":0,"1":0,"2":0,"3":0,"4":0,"5":0,"6":0,"7":0,"8":0,"9":0,"10":0,"11":0,"12":0,"13":0,"14":0,"15":0},"f":{"0":0,"1":0},"b":{"0":[0,0],"1":[0,0],
[...]
":87,"column":42},"end":{"line":87,"column":65}},"line":87},"8":{"name":"(anonymous_8)","decl":{"start":{"line":107,"column":17},"end":{"line":107,"column":18}},"loc":{"start":{"line":107,"column":47},"end":{"line":123,"column":3}},"line":107},"9":{"name":"(anonymous_9)","decl":{"start":{"line":110,"column":8},"end":{"line":110,"column":9}},"loc":{"start":{"line":110,"column":16},"end":{"line":115,"column":5}},"line":110},"10":{"name":"(anonymous_10)","decl":{"start":{"line":119,"column":10},"end":{"line":119,"column":11}},"loc":{"start":{"line":119,"column":18},"end":{"line":119,"column":54}},"line":119},"11":{"name":"(anonymous_11)","decl":{"start":{"line":125,"column":15},"end":{"line":125,"column":16}},"loc":{"start":{"line":125,"column":21},"end":{"line":133,"column":3}},"line":125},"12":{"name":"(anonymous_12)","decl":{"start":{"line":135,"column":21},"end":{"line":135,"column":22}},"loc":{"start":{"line":136,"column":4},"end":{"line":140,"column":7}},"line":136},"13":{"name":"(anonymous_13)","decl":{"start":{"line":136,"column":8},"end":{"line":136,"column":9}},"loc":{"start":{"line":136,"column":16},"end":{"line":140,"column":5}},"line":136},"14":{"name":"(anonymous_14)","decl":{"start":{"line":142,"column":18},"end":{"line":142,"column":19}},"loc":{"start":{"line":143,"column":4},"end":{"line":145,"column":7}},"line":143},"15":{"name":"(anonymous_15)","decl":{"start":{"line":143,"column":8},"end":{"line":143,"column":9}},"loc":{"start":{"line":143,"column":16},"end":{"line":145,"column":5}},"line":143},"16":{"name":"(anonymous_16)","decl":{"start":{"line":147,"column":16},"end":{"line":147,"column":17}},"loc":{"start":{"line":147,"column":22},"end":{"line":147,"column":49}},"line":147},"17":{"name":"(anonymous_17)","decl":{"start":{"line":149,"column":22},"end":{"line":149,"column":23}},"loc":{"start":{"line":149,"column":36},"end":{"line":152,"column":3}},"line":149},"18":{"name":"(anonymous_18)","decl":{"start":{"line":154,"column":15},"end":{"line":154,"column":16}},"loc":{"start":{"line":155,"column":4},"end":{"line":155,"column":93}},"line":155},"19":{"name":"(anonymous_19)","decl":{"start":{"line":155,"column":8},"end":{"line":155,"column":9}},"loc":{"start":{"line":155,"column":16},"end":{"line":155,"column":91}},"line":155},"20":{"name":"(anonymous_20)","decl":{"start":{"line":157,"column":19},"end":{"line":157,"column":20}},"loc":{"start":{"line":157,"column":31},"end":{"line":157,"column":62}},"line":157}},"branchMap":{"0":{"loc":{"start":{"line":79,"column":27},"end":{"line":79,"column":55}},"type":"binary-expr","locations":[{"start":{"line":79,"column":27},"end":{"line":79,"column":49}},{"start":{"line":79,"column":53},"end":{"line":79,"column":55}}],"line":79},"1":{"loc":{"start":{"line":81,"column":23},"end":{"line":81,"column":74}},"type":"binary-expr","locations":[{"start":{"line":81,"column":23},"end":{"line":81,"column":47}},{"start":{"line":81,"column":51},"end":{"line":81,"column":69}},{"start":{"line":81,"column":73},"end":{"line":81,"column":74}}],"line":81},"2":{"loc":{"start":{"line":86,"column":28},"end":{"line":88,"column":10}},"type":"cond-expr","locations":[{"start":{"line":87,"column":8},"end":{"line":87,"column":66}},{"start":{"line":88,"column":8},"end":{"line":88,"column":10}}],"line":86},"3":{"loc":{"start":{"line":90,"column":4},"end":{"line":93,"column":5}},"type":"if","locations":[{"start":{"line":90,"column":4},"end":{"line":93,"column":5}},{"start":{},"end":{}}],"line":90},"4":{"loc":{"start":{"line":96,"column":52},"end":{"line":96,"column":73}},"type":"binary-expr","locations":[{"start":{"line":96,"column":52},"end":{"line":96,"column":68}},{"start":{"line":96,"column":72},"end":{"line":96,"column":73}}],"line":96},"5":{"loc":{"start":{"line":101,"column":19},"end":{"line":101,"column":44}},"type":"binary-expr","locations":[{"start":{"line":101,"column":19},"end":{"line":101,"column":38}},{"start":{"line":101,"column":42},"end":{"line":101,"column":44}}],"line":101},"6":{"loc":{"start":{"line":103,"column":23},"end":{"line":103,"column":72}},"type":"binary-expr","locations":[{"start":{"line":103,"column":23},"end":{"line":103,"column":37}},{"start":{"line":103,"column":41},"end":{"line":103,"column":72}}],"line":103},"7":{"loc":{"start":{"line":108,"column":22},"end":{"line":108,"column":53}},"type":"binary-expr","locations":[{"start":{"line":108,"column":22},"end":{"line":108,"column":48}},{"start":{"line":108,"column":52},"end":{"line":108,"column":53}}],"line":108},"8":{"loc":{"start":{"line":112,"column":10},"end":{"line":114,"column":12}},"type":"cond-expr","locations":[{"start":{"line":113,"column":10},"end":{"line":113,"column":85}},{"start":{"line":114,"column":10},"end":{"line":114,"column":12}}],"line":112},"9":{"loc":{"start":{"line":117,"column":4},"end":{"line":122,"column":5}},"type":"if","locations":[{"start":{"line":117,"column":4},"end":{"line":122,"column":5}},{"start":{"line":120,"column":11},"end":{"line":122,"column":5}}],"line":117},"10":{"loc":{"start":{"line":120,"column":11},"end":{"line":122,"column":5}},"type":"if","locations":[{"start":{"line":120,"column":11},"end":{"line":122,"column":5}},{"start":{},"end":{}}],"line":120},"11":{"loc":{"start":{"line":128,"column":23},"end":{"line":128,"column":90}},"type":"binary-expr","locations":[{"start":{"line":128,"column":23},"end":{"line":128,"column":55}},{"start":{"line":128,"column":59},"end":{"line":128,"column":85}},{"start":{"line":128,"column":89},"end":{"line":128,"column":90}}],"line":128},"12":{"loc":{"start":{"line":131,"column":10},"end":{"line":131,"column":66}},"type":"cond-expr","locations":[{"start":{"line":131,"column":36},"end":{"line":131,"column":61}},{"start":{"line":131,"column":64},"end":{"line":131,"column":66}}],"line":131},"13":{"loc":{"start":{"line":137,"column":22},"end":{"line":139,"column":39}},"type":"cond-expr","locations":[{"start":{"line":138,"column":10},"end":{"line":138,"column":26}},{"start":{"line":139,"column":10},"end":{"line":139,"column":39}}],"line":137},"14":{"loc":{"start":{"line":144,"column":19},"end":{"line":144,"column":94}},"type":"cond-expr","locations":[{"start":{"line":144,"column":52},"end":{"line":144,"column":65}},{"start":{"line":144,"column":68},"end":{"line":144,"column":94}}],"line":144},"15":{"loc":{"start":{"line":151,"column":11},"end":{"line":151,"column":74}},"type":"binary-expr","locations":[{"start":{"line":151,"column":11},"end":{"line":151,"column":34}},{"start":{"line":151,"column":38},"end":{"line":151,"column":74}}],"line":151},"16":{"loc":{"start":{"line":157,"column":31},"end":{"line":157,"column":62}},"type":"binary-expr","locations":[{"start":{"line":157,"column":31},"end":{"line":157,"column":57}},{"start":{"line":157,"column":61},"end":{"line":157,"column":62}}],"line":157}},"s":{"0":1,"1":1,"2":1,"3":1,"4":1,"5":2,"6":0,"7":0,"8":0,"9":15,"10":12,"11":12,"12":12,"13":12,"14":18,"15":12,"16":1,"17":12,"18":12,"19":12,"20":12,"21":12,"22":12,"23":5,"24":5,"25":5,"26":7,"27":1,"28":2,"29":2,"30":2,"31":2,"32":5,"33":5,"34":1,"35":1,"36":16,"37":3,"38":3,"39":2,"40":2,"41":1},"f":{"0":1,"1":2,"2":0,"3":0,"4":0,"5":15,"6":12,"7":18,"8":12,"9":12,"10":5,"11":2,"12":5,"13":5,"14":1,"15":1,"16":16,"17":3,"18":2,"19":2,"20":1},"b":{"0":[12,0],"1":[12,0,0],"2":[12,0],"3":[1,11],"4":[12,0],"5":[12,0],"6":[12,12],"7":[12,7],"8":[0,12],"9":[5,7],"10":[1,6],"11":[2,0,0],"12":[1,1],"13":[1,4],"14":[0,1],"15":[3,2],"16":[1,0]},"_coverageSchema":"1a1c01bbd47fc00a2c39e90264f33305004495a9","hash":"d215e1c36a85a0642555800bcb46de6f902da33f"}
,"/Users/altanesmer/Desktop/Projects/tutoria-mobile-app/src/stores/useNetworkStore.ts": {"path":"/Users/altanesmer/Desktop/Projects/tutoria-mobile-app/src/stores/useNetworkStore.ts","statementMap":{"0":{"start":{"line":10,"column":31},"end":{"line":16,"column":3}},"1":{"start":{"line":10,"column":62},"end":{"line":16,"column":1}},"2":{"start":{"line":15,"column":30},"end":{"line":15,"column":68}},"3":{"start":{"line":15,"column":45},"end":{"line":15,"column":66}}},"fnMap":{"0":{"name":"(anonymous_0)","decl":{"start":{"line":10,"column":52},"end":{"line":10,"column":53}},"loc":{"start":{"line":10,"column":62},"end":{"line":16,"column":1}},"line":10},"1":{"name":"(anonymous_1)","decl":{"start":{"line":15,"column":19},"end":{"line":15,"column":20}},"loc":{"start":{"line":15,"column":30},"end":{"line":15,"column":68}},"line":15},"2":{"name":"(anonymous_2)","decl":{"start":{"line":15,"column":34},"end":{"line":15,"column":35}},"loc":{"start":{"line":15,"column":45},"end":{"line":15,"column":66}},"line":15}},"branchMap":{},"s":{"0":0,"1":0,"2":0,"3":0},"f":{"0":0,"1":0,"2":0},"b":{}}
,"/Users/altanesmer/Desktop/Projects/tutoria-mobile-app/src/stores/useNfcStore.ts": {"path":"/Users/altanesmer/Desktop/Projects/tutoria-mobile-app/src/stores/useNfcStore.ts","statementMap":{"0":{"start":{"line":17,"column":27},"end":{"line":28,"column":3}},"1":{"start":{"line":17,"column":54},"end":{"line":28,"column":1}},"2":{"start":{"line":23,"column":31},"end":{"line":23,"column":50}},"3":{"start":{"line":24,"column":33},"end":{"line":24,"column":53}},"4":{"start":{"line":25,"column":29},"end":{"line":25,"column":47}},"5":{"start":{"line":26,"column":27},"end":{"line":26,"column":43}},"6":{"start":{"line":27,"column":23},"end":{"line":27,"column":37}}},"fnMap":{"0":{"name":"(anonymous_0)","decl":{"start":{"line":17,"column":44},"end":{"line":17,"column":45}},"loc":{"start":{"line":17,"column":54},"end":{"line":28,"column":1}},"line":17},"1":{"name":"(anonymous_1)","decl":{"start":{"line":23,"column":15},"end":{"line":23,"column":16}},"loc":{"start":{"line":23,"column":31},"end":{"line":23,"column":50}},"line":23},"2":{"name":"(anonymous_2)","decl":{"start":{"line":24,"column":16},"end":{"line":24,"column":17}},"loc":{"start":{"line":24,"column":33},"end":{"line":24,"column":53}},"line":24},"3":{"name":"(anonymous_3)","decl":{"start":{"line":25,"column":14},"end":{"line":25,"column":15}},"loc":{"start":{"line":25,"column":29},"end":{"line":25,"column":47}},"line":25},"4":{"name":"(anonymous_4)","decl":{"start":{"line":26,"column":14},"end":{"line":26,"column":15}},"loc":{"start":{"line":26,"column":27},"end":{"line":26,"column":43}},"line":26},"5":{"name":"(anonymous_5)","decl":{"start":{"line":27,"column":12},"end":{"line":27,"column":13}},"loc":{"start":{"line":27,"column":23},"end":{"line":27,"column":37}},"line":27}},"branchMap":{},"s":{"0":1,"1":1,"2":5,"3":1,"4":1,"5":4,"6":2},"f":{"0":1,"1":5,"2":1,"3":1,"4":4,"5":2},"b":{},"_coverageSchema":"1a1c01bbd47fc00a2c39e90264f33305004495a9","hash":"677af86069c0f1aef2b313fff1405175e575a82d"}
,"/Users/altanesmer/Desktop/Projects/tutoria-mobile-app/src/stores/useProfileStore.ts": {"path":"/Users/altanesmer/Desktop/Projects/tutoria-mobile-app/src/stores/useProfileStore.ts","statementMap":{"0":{"start":{"line":12,"column":31},"end":{"line":18,"column":3}},"1":{"start":{"line":12,"column":62},"end":{"line":18,"column":1}},"2":{"start":{"line":15,"column":29},"end":{"line":15,"column":46}},"3":{"start":{"line":16,"column":39},"end":{"line":16,"column":61}},"4":{"start":{"line":17,"column":27},"end":{"line":17,"column":87}},"5":{"start":{"line":17,"column":43},"end":{"line":17,"column":85}}},"fnMap":{"0":{"name":"(anonymous_0)","decl":{"start":{"line":12,"column":52},"end":{"line":12,"column":53}},"loc":{"start":{"line":12,"column":62},"end":{"line":18,"column":1}},"line":12},"1":{"name":"(anonymous_1)","decl":{"start":{"line":15,"column":15},"end":{"line":15,"column":16}},"loc":{"start":{"line":15,"column":29},"end":{"line":15,"column":46}},"line":15},"2":{"name":"(anonymous_2)","decl":{"start":{"line":16,"column":20},"end":{"line":16,"column":21}},"loc":{"start":{"line":16,"column":39},"end":{"line":16,"column":61}},"line":16},"3":{"name":"(anonymous_3)","decl":{"start":{"line":17,"column":14},"end":{"line":17,"column":15}},"loc":{"start":{"line":17,"column":27},"end":{"line":17,"column":87}},"line":17},"4":{"name":"(anonymous_4)","decl":{"start":{"line":17,"column":31},"end":{"line":17,"column":32}},"loc":{"start":{"line":17,"column":43},"end":{"line":17,"column":85}},"line":17}},"branchMap":{},"s":{"0":0,"1":0,"2":0,"3":0,"4":0,"5":0},"f":{"0":0,"1":0,"2":0,"3":0,"4":0},"b":{}}
,"/Users/altanesmer/Desktop/Projects/tutoria-mobile-app/src/stores/useProgressStore.ts": {"path":"/Users/altanesmer/Desktop/Projects/tutoria-mobile-app/src/stores/useProgressStore.ts","statementMap":{"0":{"start":{"line":27,"column":20},"end":{"line":27,"column":21}},"1":{"start":{"line":29,"column":32},"end":{"line":112,"column":1}},"2":{"start":{"line":31,"column":19},"end":{"line":105,"column":5}},"3":{"start":{"line":39,"column":37},"end":{"line":39,"column":56}},"4":{"start":{"line":40,"column":37},"end":{"line":40,"column":56}},"5":{"start":{"line":41,"column":33},"end":{"line":41,"column":51}},"6":{"start":{"line":43,"column":8},"end":{"line":43,"column":95}},"7":{"start":{"line":46,"column":19},"end":{"line":46,"column":80}},"8":{"start":{"line":47,"column":8},"end":{"line":52,"column":12}},"9":{"start":{"line":47,"column":24},"end":{"line":52,"column":9}},"10":{"start":{"line":56,"column":8},"end":{"line":58,"column":12}},"11":{"start":{"line":56,"column":24},"end":{"line":58,"column":9}},"12":{"start":{"line":57,"column":60},"end":{"line":57,"column":74}},"13":{"start":{"line":62,"column":8},"end":{"line":62,"column":36}},"14":{"start":{"line":62,"column":29},"end":{"line":62,"column":36}},"15":{"start":{"line":63,"column":8},"end":{"line":63,"column":33}},"16":{"start":{"line":64,"column":8},"end":{"line":101,"column":9}},"17":{"start":{"line":65,"column":24},"end":{"line":65,"column":47}},"18":{"start":{"line":66,"column":10},"end":{"line":98,"column":11}},"19":{"start":{"line":67,"column":12},"end":{"line":97,"column":13}},"20":{"start":{"line":68,"column":14},"end":{"line":70,"column":17}},"21":{"start":{"line":71,"column":14},"end":{"line":71,"column":45}},"22":{"start":{"line":74,"column":16},"end":{"line":81,"column":24}},"23":{"start":{"line":83,"column":14},"end":{"line":96,"column":15}},"24":{"start":{"line":84,"column":16},"end":{"line":84,"column":47}},"25":{"start":{"line":86,"column":38},"end":{"line":86,"column":57}},"26":{"start":{"line":87,"column":16},"end":{"line":95,"column":17}},"27":{"start":{"line":88,"column":18},"end":{"line":88,"column":49}},"28":{"start":{"line":90,"column":18},"end":{"line":94,"column":22}},"29":{"start":{"line":90,"column":34},"end":{"line":94,"column":19}},"30":{"start":{"line":92,"column":22},"end":{"line":92,"column":80}},"31":{"start":{"line":100,"column":10},"end":{"line":100,"column":36}},"32":{"start":{"line":104,"column":24},"end":{"line":104,"column":49}},"33":{"start":{"line":108,"column":39},"end":{"line":108,"column":51}},"34":{"start":{"line":109,"column":30},"end":{"line":109,"column":66}}},"fnMap":{"0":{"name":"(anonymous_0)","decl":{"start":{"line":31,"column":4},"end":{"line":31,"column":5}},"loc":{"start":{"line":31,"column":19},"end":{"line":105,"column":5}},"line":31},"1":{"name":"(anonymous_1)","decl":{"start":{"line":39,"column":21},"end":{"line":39,"column":22}},"loc":{"start":{"line":39,"column":37},"end":{"line":39,"column":56}},"line":39},"2":{"name":"(anonymous_2)","decl":{"start":{"line":40,"column":21},"end":{"line":40,"column":22}},"loc":{"start":{"line":40,"column":37},"end":{"line":40,"column":56}},"line":40},"3":{"name":"(anonymous_3)","decl":{"start":{"line":41,"column":18},"end":{"line":41,"column":19}},"loc":{"start":{"line":41,"column":33},"end":{"line":41,"column":51}},"line":41},"4":{"name":"(anonymous_4)","decl":{"start":{"line":42,"column":18},"end":{"line":42,"column":19}},"loc":{"start":{"line":43,"column":8},"end":{"line":43,"column":95}},"line":43},"5":{"name":"(anonymous_5)","decl":{"start":{"line":45,"column":18},"end":{"line":45,"column":19}},"loc":{"start":{"line":45,"column":28},"end":{"line":53,"column":7}},"line":45},"6":{"name":"(anonymous_6)","decl":{"start":{"line":47,"column":12},"end":{"line":47,"column":13}},"loc":{"start":{"line":47,"column":24},"end":{"line":52,"column":9}},"line":47},"7":{"name":"(anonymous_7)","decl":{"start":{"line":55,"column":23},"end":{"line":55,"column":24}},"loc":{"start":{"line":55,"column":31},"end":{"line":59,"column":7}},"line":55},"8":{"name":"(anonymous_8)","decl":{"start":{"line":56,"column":12},"end":{"line":56,"column":13}},"loc":{"start":{"line":56,"column":24},"end":{"line":58,"column":9}},"line":56},"9":{"name":"(anonymous_9)","decl":{"start":{"line":57,"column":50},"end":{"line":57,"column":51}},"loc":{"start":{"line":57,"column":60},"end":{"line":57,"column":74}},"line":57},"10":{"name":"(anonymous_10)","decl":{"start":{"line":61,"column":18},"end":{"line":61,"column":19}},"loc":{"start":{"line":61,"column":30},"end":{"line":102,"column":7}},"line":61},"11":{"name":"(anonymous_11)","decl":{"start":{"line":90,"column":22},"end":{"line":90,"column":23}},"loc":{"start":{"line":90,"column":34},"end":{"line":94,"column":19}},"line":90},"12":{"name":"(anonymous_12)","decl":{"start":{"line":91,"column":57},"end":{"line":91,"column":58}},"loc":{"start":{"line":92,"column":22},"end":{"line":92,"column":80}},"line":92},"13":{"name":"(anonymous_13)","decl":{"start":{"line":104,"column":18},"end":{"line":104,"column":19}},"loc":{"start":{"line":104,"column":24},"end":{"line":104,"column":49}},"line":104},"14":{"name":"(anonymous_14)","decl":{"start":{"line":108,"column":33},"end":{"line":108,"column":34}},"loc":{"start":{"line":108,"column":39},"end":{"line":108,"column":51}},"line":108},"15":{"name":"(anonymous_15)","decl":{"start":{"line":109,"column":18},"end":{"line":109,"column":19}},"loc":{"start":{"line":109,"column":30},"end":{"line":109,"column":66}},"line":109}},"branchMap":{"0":{"loc":{"start":{"line":62,"column":8},"end":{"line":62,"column":36}},"type":"if","locations":[{"start":{"line":62,"column":8},"end":{"line":62,"column":36}},{"start":{},"end":{}}],"line":62},"1":{"loc":{"start":{"line":74,"column":16},"end":{"line":81,"column":24}},"type":"cond-expr","locations":[{"start":{"line":80,"column":20},"end":{"line":80,"column":65}},{"start":{"line":81,"column":20},"end":{"line":81,"column":24}}],"line":74},"2":{"loc":{"start":{"line":74,"column":16},"end":{"line":79,"column":42}},"type":"binary-expr","locations":[{"start":{"line":74,"column":16},"end":{"line":74,"column":21}},{"start":{"line":75,"column":16},"end":{"line":75,"column":41}},{"start":{"line":76,"column":16},"end":{"line":76,"column":35}},{"start":{"line":77,"column":16},"end":{"line":77,"column":30}},{"start":{"line":78,"column":16},"end":{"line":78,"column":50}},{"start":{"line":79,"column":16},"end":{"line":79,"column":42}}],"line":74},"3":{"loc":{"start":{"line":83,"column":14},"end":{"line":96,"column":15}},"type":"if","locations":[{"start":{"line":83,"column":14},"end":{"line":96,"column":15}},{"start":{"line":85,"column":21},"end":{"line":96,"column":15}}],"line":83},"4":{"loc":{"start":{"line":87,"column":16},"end":{"line":95,"column":17}},"type":"if","locations":[{"start":{"line":87,"column":16},"end":{"line":95,"column":17}},{"start":{"line":89,"column":23},"end":{"line":95,"column":17}}],"line":87},"5":{"loc":{"start":{"line":92,"column":22},"end":{"line":92,"column":80}},"type":"cond-expr","locations":[{"start":{"line":92,"column":41},"end":{"line":92,"column":76}},{"start":{"line":92,"column":79},"end":{"line":92,"column":80}}],"line":92}},"s":{"0":1,"1":1,"2":1,"3":0,"4":0,"5":0,"6":1,"7":12,"8":12,"9":12,"10":5,"11":5,"12":6,"13":9,"14":1,"15":8,"16":8,"17":8,"18":8,"19":9,"20":9,"21":2,"22":7,"23":7,"24":1,"25":6,"26":6,"27":1,"28":5,"29":5,"30":5,"31":8,"32":1,"33":1,"34":58},"f":{"0":1,"1":0,"2":0,"3":0,"4":1,"5":12,"6":12,"7":5,"8":5,"9":6,"10":9,"11":5,"12":5,"13":1,"14":1,"15":58},"b":{"0":[1,8],"1":[1,6],"2":[7,7,7,1,1,1],"3":[1,6],"4":[1,5],"5":[5,0]},"_coverageSchema":"1a1c01bbd47fc00a2c39e90264f33305004495a9","hash":"3abcd442221e51a99fdf183ebd3a41b7329d57b0"}
}
