TN:
SF:src/hooks/useAudio.ts
FN:24,useAudio
FN:39,(anonymous_1)
FN:55,(anonymous_2)
FN:56,(anonymous_3)
FN:73,(anonymous_4)
FN:80,(anonymous_5)
FN:91,(anonymous_6)
FN:111,(anonymous_7)
FN:120,(anonymous_8)
FN:137,(anonymous_9)
FN:149,(anonymous_10)
FNF:11
FNH:0
FNDA:0,useAudio
FNDA:0,(anonymous_1)
FNDA:0,(anonymous_2)
FNDA:0,(anonymous_3)
FNDA:0,(anonymous_4)
FNDA:0,(anonymous_5)
FNDA:0,(anonymous_6)
FNDA:0,(anonymous_7)
FNDA:0,(anonymous_8)
FNDA:0,(anonymous_9)
FNDA:0,(anonymous_10)
DA:6,0
DA:7,0
DA:8,0
DA:25,0
DA:27,0
DA:28,0
DA:30,0
DA:33,0
DA:35,0
DA:36,0
DA:37,0
DA:39,0
DA:40,0
DA:41,0
DA:42,0
DA:44,0
DA:45,0
DA:46,0
DA:48,0
DA:49,0
DA:50,0
DA:55,0
DA:56,0
DA:57,0
DA:59,0
DA:60,0
DA:61,0
DA:62,0
DA:64,0
DA:65,0
DA:66,0
DA:67,0
DA:68,0
DA:69,0
DA:73,0
DA:74,0
DA:75,0
DA:79,0
DA:81,0
DA:82,0
DA:83,0
DA:86,0
DA:87,0
DA:88,0
DA:91,0
DA:92,0
DA:93,0
DA:96,0
DA:99,0
DA:100,0
DA:102,0
DA:103,0
DA:107,0
DA:108,0
DA:111,0
DA:112,0
DA:113,0
DA:114,0
DA:115,0
DA:120,0
DA:121,0
DA:122,0
DA:123,0
DA:124,0
DA:125,0
DA:128,0
DA:129,0
DA:130,0
DA:131,0
DA:137,0
DA:138,0
DA:139,0
DA:140,0
DA:141,0
DA:148,0
DA:150,0
DA:151,0
DA:157,0
LF:78
LH:0
BRDA:25,0,0,0
BRDA:25,1,0,0
BRDA:25,1,1,0
BRDA:40,2,0,0
BRDA:40,2,1,0
BRDA:44,3,0,0
BRDA:44,3,1,0
BRDA:48,4,0,0
BRDA:48,4,1,0
BRDA:57,5,0,0
BRDA:57,5,1,0
BRDA:57,6,0,0
BRDA:57,6,1,0
BRDA:64,7,0,0
BRDA:64,7,1,0
BRDA:67,8,0,0
BRDA:67,8,1,0
BRDA:81,9,0,0
BRDA:81,9,1,0
BRDA:81,10,0,0
BRDA:81,10,1,0
BRDA:99,11,0,0
BRDA:99,11,1,0
BRDA:99,12,0,0
BRDA:99,12,1,0
BRDA:103,13,0,0
BRDA:103,13,1,0
BRDA:113,14,0,0
BRDA:113,14,1,0
BRDA:131,15,0,0
BRDA:131,15,1,0
BRDA:150,16,0,0
BRDA:150,16,1,0
BRF:33
BRH:0
end_of_record
TN:
SF:src/hooks/useHaptics.ts
FN:8,useHaptics
FN:9,(anonymous_1)
FN:17,(anonymous_2)
FN:25,(anonymous_3)
FN:33,(anonymous_4)
FNF:5
FNH:0
FNDA:0,useHaptics
FNDA:0,(anonymous_1)
FNDA:0,(anonymous_2)
FNDA:0,(anonymous_3)
FNDA:0,(anonymous_4)
DA:9,0
DA:10,0
DA:11,0
DA:17,0
DA:18,0
DA:19,0
DA:25,0
DA:26,0
DA:27,0
DA:33,0
DA:34,0
DA:35,0
DA:41,0
LF:13
LH:0
BRF:0
BRH:0
end_of_record
TN:
SF:src/hooks/useNetworkState.ts
FN:5,useNetworkState
FN:8,(anonymous_1)
FN:10,(anonymous_2)
FN:11,(anonymous_3)
FN:58,(anonymous_4)
FN:64,(anonymous_5)
FN:65,(anonymous_6)
FN:66,(anonymous_7)
FNF:8
FNH:0
FNDA:0,useNetworkState
FNDA:0,(anonymous_1)
FNDA:0,(anonymous_2)
FNDA:0,(anonymous_3)
FNDA:0,(anonymous_4)
FNDA:0,(anonymous_5)
FNDA:0,(anonymous_6)
FNDA:0,(anonymous_7)
DA:8,0
DA:10,0
DA:11,0
DA:15,0
DA:16,0
DA:18,0
DA:24,0
DA:26,0
DA:32,0
DA:36,0
DA:37,0
DA:39,0
DA:44,0
DA:46,0
DA:55,0
DA:56,0
DA:58,0
DA:59,0
DA:64,0
DA:65,0
DA:66,0
DA:68,0
LF:22
LH:0
BRDA:15,0,0,0
BRDA:15,0,1,0
BRDA:18,1,0,0
BRDA:18,1,1,0
BRDA:19,2,0,0
BRDA:19,2,1,0
BRDA:19,2,2,0
BRDA:19,2,3,0
BRDA:32,3,0,0
BRDA:32,3,1,0
BRDA:37,4,0,0
BRDA:37,4,1,0
BRDA:39,5,0,0
BRDA:39,5,1,0
BRDA:40,6,0,0
BRDA:40,6,1,0
BRDA:40,6,2,0
BRF:17
BRH:0
end_of_record
TN:
SF:src/hooks/useNfc.ts
FN:9,useNfc
FN:11,(anonymous_1)
FN:12,(anonymous_2)
FN:13,(anonymous_3)
FN:14,(anonymous_4)
FN:15,(anonymous_5)
FN:17,(anonymous_6)
FN:18,(anonymous_7)
FN:19,(anonymous_8)
FN:20,(anonymous_9)
FN:21,(anonymous_10)
FN:23,(anonymous_11)
FN:24,(anonymous_12)
FN:33,(anonymous_13)
FN:38,(anonymous_14)
FNF:15
FNH:0
FNDA:0,useNfc
FNDA:0,(anonymous_1)
FNDA:0,(anonymous_2)
FNDA:0,(anonymous_3)
FNDA:0,(anonymous_4)
FNDA:0,(anonymous_5)
FNDA:0,(anonymous_6)
FNDA:0,(anonymous_7)
FNDA:0,(anonymous_8)
FNDA:0,(anonymous_9)
FNDA:0,(anonymous_10)
FNDA:0,(anonymous_11)
FNDA:0,(anonymous_12)
FNDA:0,(anonymous_13)
FNDA:0,(anonymous_14)
DA:11,0
DA:12,0
DA:13,0
DA:14,0
DA:15,0
DA:17,0
DA:18,0
DA:19,0
DA:20,0
DA:21,0
DA:23,0
DA:24,0
DA:25,0
DA:26,0
DA:27,0
DA:28,0
DA:29,0
DA:33,0
DA:34,0
DA:38,0
DA:39,0
DA:40,0
DA:42,0
DA:43,0
DA:44,0
DA:45,0
DA:47,0
DA:48,0
DA:49,0
DA:51,0
DA:55,0
LF:31
LH:0
BRDA:27,0,0,0
BRDA:27,0,1,0
BRDA:47,1,0,0
BRDA:47,1,1,0
BRF:4
BRH:0
end_of_record
TN:
SF:src/hooks/usePronunciation.ts
FN:34,usePronunciation
FN:84,(anonymous_1)
FN:115,(anonymous_2)
FN:144,(anonymous_3)
FN:199,(anonymous_4)
FN:214,(anonymous_5)
FN:254,(anonymous_6)
FN:265,(anonymous_7)
FN:277,(anonymous_8)
FN:317,(anonymous_9)
FN:334,(anonymous_10)
FNF:11
FNH:0
FNDA:0,usePronunciation
FNDA:0,(anonymous_1)
FNDA:0,(anonymous_2)
FNDA:0,(anonymous_3)
FNDA:0,(anonymous_4)
FNDA:0,(anonymous_5)
FNDA:0,(anonymous_6)
FNDA:0,(anonymous_7)
FNDA:0,(anonymous_8)
FNDA:0,(anonymous_9)
FNDA:0,(anonymous_10)
DA:22,0
DA:26,0
DA:27,0
DA:28,0
DA:29,0
DA:35,0
DA:36,0
DA:37,0
DA:38,0
DA:39,0
DA:40,0
DA:42,0
DA:47,0
DA:63,0
DA:66,0
DA:69,0
DA:70,0
DA:71,0
DA:72,0
DA:73,0
DA:74,0
DA:75,0
DA:76,0
DA:84,0
DA:85,0
DA:86,0
DA:87,0
DA:92,0
DA:97,0
DA:99,0
DA:100,0
DA:102,0
DA:104,0
DA:105,0
DA:110,0
DA:111,0
DA:112,0
DA:113,0
DA:115,0
DA:117,0
DA:118,0
DA:124,0
DA:125,0
DA:126,0
DA:128,0
DA:132,0
DA:139,0
DA:140,0
DA:144,0
DA:145,0
DA:151,0
DA:152,0
DA:153,0
DA:154,0
DA:155,0
DA:156,0
DA:157,0
DA:158,0
DA:160,0
DA:161,0
DA:162,0
DA:164,0
DA:165,0
DA:167,0
DA:170,0
DA:172,0
DA:174,0
DA:176,0
DA:179,0
DA:180,0
DA:184,0
DA:187,0
DA:188,0
DA:190,0
DA:191,0
DA:192,0
DA:198,0
DA:200,0
DA:201,0
DA:204,0
DA:205,0
DA:208,0
DA:210,0
DA:211,0
DA:212,0
DA:214,0
DA:218,0
DA:219,0
DA:226,0
DA:235,0
DA:236,0
DA:237,0
DA:240,0
DA:242,0
DA:245,0
DA:246,0
DA:247,0
DA:252,0
DA:253,0
DA:254,0
DA:255,0
DA:258,0
DA:262,0
DA:263,0
DA:264,0
DA:265,0
DA:266,0
DA:270,0
DA:275,0
DA:276,0
DA:277,0
DA:278,0
DA:282,0
DA:283,0
DA:294,0
DA:296,0
DA:308,0
DA:309,0
DA:310,0
DA:313,0
DA:314,0
DA:315,0
DA:317,0
DA:318,0
DA:319,0
DA:324,0
DA:326,0
DA:328,0
DA:334,0
DA:335,0
DA:338,0
DA:354,0
LF:132
LH:0
BRDA:85,0,0,0
BRDA:85,0,1,0
BRDA:87,1,0,0
BRDA:87,1,1,0
BRDA:87,2,0,0
BRDA:87,2,1,0
BRDA:92,3,0,0
BRDA:92,3,1,0
BRDA:93,4,0,0
BRDA:93,4,1,0
BRDA:93,4,2,0
BRDA:104,5,0,0
BRDA:104,5,1,0
BRDA:111,6,0,0
BRDA:111,6,1,0
BRDA:113,7,0,0
BRDA:113,7,1,0
BRDA:124,8,0,0
BRDA:124,8,1,0
BRDA:125,9,0,0
BRDA:125,9,1,0
BRDA:132,10,0,0
BRDA:132,10,1,0
BRDA:133,11,0,0
BRDA:133,11,1,0
BRDA:133,11,2,0
BRDA:133,11,3,0
BRDA:165,12,0,0
BRDA:165,12,1,0
BRDA:167,13,0,0
BRDA:167,13,1,0
BRDA:172,14,0,0
BRDA:172,14,1,0
BRDA:176,15,0,0
BRDA:176,15,1,0
BRDA:191,16,0,0
BRDA:191,16,1,0
BRDA:192,17,0,0
BRDA:192,17,1,0
BRDA:204,18,0,0
BRDA:204,18,1,0
BRDA:235,19,0,0
BRDA:235,19,1,0
BRDA:242,20,0,0
BRDA:242,20,1,0
BRDA:252,21,0,0
BRDA:252,21,1,0
BRDA:252,22,0,0
BRDA:252,22,1,0
BRDA:252,23,0,0
BRDA:252,23,1,0
BRDA:263,24,0,0
BRDA:263,24,1,0
BRDA:275,25,0,0
BRDA:275,25,1,0
BRDA:275,26,0,0
BRDA:275,26,1,0
BRDA:290,27,0,0
BRDA:290,27,1,0
BRDA:291,28,0,0
BRDA:291,28,1,0
BRDA:308,29,0,0
BRDA:308,29,1,0
BRDA:320,30,0,0
BRDA:320,30,1,0
BRF:65
BRH:0
end_of_record
TN:
SF:src/services/api/audio.ts
FN:9,getAudioProxyUrl
FN:13,resolveSounds
FNF:2
FNH:0
FNDA:0,getAudioProxyUrl
FNDA:0,resolveSounds
DA:10,0
DA:14,0
DA:17,0
LF:3
LH:0
BRDA:13,0,0,0
BRF:1
BRH:0
end_of_record
TN:
SF:src/services/api/client.ts
FN:38,setTokenGetter
FN:46,setSignOutHandler
FN:51,setAuthToken
FN:56,getAuthHeader
FN:62,(anonymous_4)
FN:69,(anonymous_5)
FN:70,(anonymous_6)
FNF:7
FNH:0
FNDA:0,setTokenGetter
FNDA:0,setSignOutHandler
FNDA:0,setAuthToken
FNDA:0,getAuthHeader
FNDA:0,(anonymous_4)
FNDA:0,(anonymous_5)
FNDA:0,(anonymous_6)
DA:20,0
DA:26,0
DA:35,0
DA:47,0
DA:57,0
DA:62,0
DA:63,0
DA:64,0
DA:68,0
DA:69,0
DA:71,0
DA:72,0
DA:75,0
DA:76,0
DA:77,0
DA:78,0
DA:79,0
DA:81,0
DA:82,0
DA:83,0
DA:84,0
DA:88,0
DA:89,0
DA:90,0
DA:91,0
DA:95,0
DA:96,0
DA:98,0
DA:101,0
DA:102,0
DA:104,0
LF:31
LH:0
BRDA:71,0,0,0
BRDA:71,0,1,0
BRDA:75,1,0,0
BRDA:75,1,1,0
BRDA:77,2,0,0
BRDA:77,2,1,0
BRDA:78,3,0,0
BRDA:78,3,1,0
BRDA:81,4,0,0
BRDA:81,4,1,0
BRDA:82,5,0,0
BRDA:82,5,1,0
BRDA:82,6,0,0
BRDA:82,6,1,0
BRDA:83,7,0,0
BRDA:83,7,1,0
BRDA:83,7,2,0
BRDA:88,8,0,0
BRDA:88,8,1,0
BRDA:90,9,0,0
BRDA:90,9,1,0
BRDA:101,10,0,0
BRDA:101,10,1,0
BRF:23
BRH:0
end_of_record
TN:
SF:src/services/api/idempotency.ts
FN:10,makeIdempotencyKey
FNF:1
FNH:0
FNDA:0,makeIdempotencyKey
DA:11,0
LF:1
LH:0
BRF:0
BRH:0
end_of_record
TN:
SF:src/services/api/modules.ts
FN:25,normalizeWordData
FN:68,normalizeSession
FN:71,(anonymous_2)
FN:83,resolveSessionAudioPaths
FN:85,(anonymous_4)
FN:96,(anonymous_5)
FN:103,(anonymous_6)
FN:104,(anonymous_7)
FN:107,(anonymous_8)
FN:108,(anonymous_9)
FN:112,(anonymous_10)
FN:113,(anonymous_11)
FN:166,(anonymous_12)
FN:170,getMissions
FN:191,getModuleStatus
FN:198,startOrResumeModule
FN:215,getCachedSession
FN:222,completeWord
FN:234,abandonModule
FN:238,completeSession
FN:242,batchModuleStatus
FNF:21
FNH:0
FNDA:0,normalizeWordData
FNDA:0,normalizeSession
FNDA:0,(anonymous_2)
FNDA:0,resolveSessionAudioPaths
FNDA:0,(anonymous_4)
FNDA:0,(anonymous_5)
FNDA:0,(anonymous_6)
FNDA:0,(anonymous_7)
FNDA:0,(anonymous_8)
FNDA:0,(anonymous_9)
FNDA:0,(anonymous_10)
FNDA:0,(anonymous_11)
FNDA:0,(anonymous_12)
FNDA:0,getMissions
FNDA:0,getModuleStatus
FNDA:0,startOrResumeModule
FNDA:0,getCachedSession
FNDA:0,completeWord
FNDA:0,abandonModule
FNDA:0,completeSession
FNDA:0,batchModuleStatus
DA:27,0
DA:30,0
DA:36,0
DA:42,0
DA:45,0
DA:46,0
DA:51,0
DA:52,0
DA:53,0
DA:54,0
DA:58,0
DA:69,0
DA:72,0
DA:84,0
DA:86,0
DA:92,0
DA:95,0
DA:96,0
DA:97,0
DA:103,0
DA:104,0
DA:107,0
DA:108,0
DA:109,0
DA:112,0
DA:113,0
DA:115,0
DA:116,0
DA:117,0
DA:118,0
DA:122,0
DA:123,0
DA:124,0
DA:125,0
DA:126,0
DA:127,0
DA:128,0
DA:129,0
DA:130,0
DA:131,0
DA:132,0
DA:133,0
DA:135,0
DA:136,0
DA:143,0
DA:146,0
DA:153,0
DA:156,0
DA:161,0
DA:164,0
DA:166,0
DA:171,0
DA:172,0
DA:173,0
DA:175,0
DA:176,0
DA:178,0
DA:179,0
DA:182,0
DA:183,0
DA:185,0
DA:186,0
DA:187,0
DA:192,0
DA:195,0
DA:202,0
DA:203,0
DA:204,0
DA:205,0
DA:206,0
DA:207,0
DA:209,0
DA:210,0
DA:211,0
DA:219,0
DA:226,0
DA:231,0
DA:235,0
DA:239,0
DA:245,0
DA:246,0
LF:81
LH:0
BRDA:27,0,0,0
BRDA:27,0,1,0
BRDA:27,0,2,0
BRDA:30,1,0,0
BRDA:30,1,1,0
BRDA:30,1,2,0
BRDA:30,1,3,0
BRDA:36,2,0,0
BRDA:36,2,1,0
BRDA:36,2,2,0
BRDA:45,3,0,0
BRDA:45,3,1,0
BRDA:45,4,0,0
BRDA:45,4,1,0
BRDA:45,4,2,0
BRDA:47,5,0,0
BRDA:47,5,1,0
BRDA:48,6,0,0
BRDA:48,6,1,0
BRDA:53,7,0,0
BRDA:53,7,1,0
BRDA:53,8,0,0
BRDA:53,8,1,0
BRDA:54,9,0,0
BRDA:54,9,1,0
BRDA:54,10,0,0
BRDA:54,10,1,0
BRDA:60,11,0,0
BRDA:60,11,1,0
BRDA:86,12,0,0
BRDA:86,12,1,0
BRDA:95,13,0,0
BRDA:95,13,1,0
BRDA:97,14,0,0
BRDA:97,14,1,0
BRDA:98,15,0,0
BRDA:98,15,1,0
BRDA:103,16,0,0
BRDA:103,16,1,0
BRDA:103,16,2,0
BRDA:118,17,0,0
BRDA:118,17,1,0
BRDA:122,18,0,0
BRDA:122,18,1,0
BRDA:125,19,0,0
BRDA:125,19,1,0
BRDA:128,20,0,0
BRDA:128,20,1,0
BRDA:131,21,0,0
BRDA:131,21,1,0
BRDA:135,22,0,0
BRDA:135,22,1,0
BRDA:141,23,0,0
BRDA:141,23,1,0
BRDA:166,24,0,0
BRDA:166,24,1,0
BRDA:170,25,0,0
BRDA:172,26,0,0
BRDA:172,26,1,0
BRDA:176,27,0,0
BRDA:176,27,1,0
BRDA:186,28,0,0
BRDA:186,28,1,0
BRDA:210,29,0,0
BRDA:210,29,1,0
BRF:65
BRH:0
end_of_record
TN:
SF:src/services/api/profiles.ts
FN:4,listProfiles
FN:9,createProfile
FN:17,selectProfile
FNF:3
FNH:0
FNDA:0,listProfiles
FNDA:0,createProfile
FNDA:0,selectProfile
DA:5,0
DA:6,0
DA:10,0
DA:14,0
DA:20,0
DA:25,0
LF:6
LH:0
BRF:0
BRH:0
end_of_record
TN:
SF:src/services/api/progress.ts
FN:5,getProgress
FN:14,saveProgress
FNF:2
FNH:2
FNDA:2,getProgress
FNDA:4,saveProgress
DA:6,2
DA:7,1
DA:19,4
DA:20,2
DA:23,2
DA:26,2
DA:27,2
DA:29,2
LF:8
LH:8
BRDA:19,0,0,2
BRDA:19,0,1,2
BRDA:19,1,0,4
BRDA:19,1,1,3
BRF:4
BRH:4
end_of_record
TN:
SF:src/services/api/pronunciation.ts
FN:5,checkPronunciation
FNF:1
FNH:0
FNDA:0,checkPronunciation
DA:8,0
DA:14,0
DA:22,0
LF:3
LH:0
BRDA:19,0,0,0
BRDA:19,0,1,0
BRF:2
BRH:0
end_of_record
TN:
SF:src/services/api/syllabus.ts
FN:8,getStages
FN:25,getStagesCacheInfo
FNF:2
FNH:0
FNDA:0,getStages
FNDA:0,getStagesCacheInfo
DA:6,0
DA:9,0
DA:10,0
DA:12,0
DA:13,0
DA:16,0
DA:17,0
DA:19,0
DA:20,0
DA:21,0
DA:26,0
DA:27,0
DA:28,0
LF:13
LH:0
BRDA:10,0,0,0
BRDA:10,0,1,0
BRDA:20,1,0,0
BRDA:20,1,1,0
BRDA:27,2,0,0
BRDA:27,2,1,0
BRF:6
BRH:0
end_of_record
TN:
SF:src/services/cache/audioCache.ts
FN:5,getAudioCacheDir
FN:9,r2PathToFilename
FN:15,ensureCacheDirExists
FN:23,getCachedAudioUri
FN:34,downloadAndCacheAudio
FN:49,prefetchAudioFiles
FN:53,(anonymous_6)
FN:68,clearAudioCache
FNF:8
FNH:0
FNDA:0,getAudioCacheDir
FNDA:0,r2PathToFilename
FNDA:0,ensureCacheDirExists
FNDA:0,getCachedAudioUri
FNDA:0,downloadAndCacheAudio
FNDA:0,prefetchAudioFiles
FNDA:0,(anonymous_6)
FNDA:0,clearAudioCache
DA:6,0
DA:11,0
DA:12,0
DA:16,0
DA:17,0
DA:18,0
DA:19,0
DA:24,0
DA:25,0
DA:26,0
DA:27,0
DA:35,0
DA:36,0
DA:37,0
DA:38,0
DA:39,0
DA:42,0
DA:43,0
DA:44,0
DA:46,0
DA:50,0
DA:52,0
DA:54,0
DA:55,0
DA:57,0
DA:58,0
DA:59,0
DA:61,0
DA:69,0
DA:70,0
DA:71,0
DA:72,0
LF:32
LH:0
BRDA:18,0,0,0
BRDA:18,0,1,0
BRDA:27,1,0,0
BRDA:27,1,1,0
BRDA:43,2,0,0
BRDA:43,2,1,0
BRDA:55,3,0,0
BRDA:55,3,1,0
BRDA:71,4,0,0
BRDA:71,4,1,0
BRF:10
BRH:0
end_of_record
TN:
SF:src/services/cache/cacheManager.ts
FN:4,getCache
FN:12,setCache
FN:17,clearCache
FN:21,getCacheEntry
FNF:4
FNH:0
FNDA:0,getCache
FNDA:0,setCache
FNDA:0,clearCache
FNDA:0,getCacheEntry
DA:5,0
DA:6,0
DA:7,0
DA:8,0
DA:9,0
DA:13,0
DA:14,0
DA:18,0
DA:22,0
DA:23,0
DA:24,0
DA:25,0
DA:27,0
LF:13
LH:0
BRDA:6,0,0,0
BRDA:6,0,1,0
BRDA:8,1,0,0
BRDA:8,1,1,0
BRDA:23,2,0,0
BRDA:23,2,1,0
BRF:6
BRH:0
end_of_record
TN:
SF:src/services/nfc/nfcManager.ts
FN:10,initNfc
FN:26,isNfcEnabled
FN:38,readTag
FN:40,(anonymous_3)
FN:67,(anonymous_4)
FN:74,cleanupNfc
FN:76,(anonymous_6)
FNF:7
FNH:0
FNDA:0,initNfc
FNDA:0,isNfcEnabled
FNDA:0,readTag
FNDA:0,(anonymous_3)
FNDA:0,(anonymous_4)
FNDA:0,cleanupNfc
FNDA:0,(anonymous_6)
DA:5,0
DA:11,0
DA:12,0
DA:13,0
DA:14,0
DA:15,0
DA:17,0
DA:19,0
DA:27,0
DA:28,0
DA:29,0
DA:31,0
DA:39,0
DA:40,0
DA:41,0
DA:42,0
DA:43,0
DA:51,0
DA:52,0
DA:53,0
DA:55,0
DA:56,0
DA:59,0
DA:60,0
DA:61,0
DA:63,0
DA:65,0
DA:67,0
DA:75,0
DA:76,0
LF:30
LH:0
BRDA:11,0,0,0
BRDA:11,0,1,0
BRDA:14,1,0,0
BRDA:14,1,1,0
BRDA:27,2,0,0
BRDA:27,2,1,0
BRDA:39,3,0,0
BRDA:39,3,1,0
BRDA:41,4,0,0
BRDA:41,4,1,0
BRDA:55,5,0,0
BRDA:55,5,1,0
BRDA:55,6,0,0
BRDA:55,6,1,0
BRDA:55,6,2,0
BRDA:61,7,0,0
BRDA:61,7,1,0
BRDA:75,8,0,0
BRDA:75,8,1,0
BRF:19
BRH:0
end_of_record
TN:
SF:src/services/nfc/tagParser.ts
FN:8,parseNdefPayload
FNF:1
FNH:1
FNDA:7,parseNdefPayload
DA:9,7
DA:11,7
DA:12,2
DA:20,5
DA:22,5
LF:5
LH:5
BRDA:11,0,0,2
BRDA:11,0,1,5
BRF:2
BRH:2
end_of_record
TN:
SF:src/stores/useAuthStore.ts
FN:11,(anonymous_0)
FN:15,(anonymous_1)
FN:16,(anonymous_2)
FNF:3
FNH:3
FNDA:1,(anonymous_0)
FNDA:4,(anonymous_1)
FNDA:1,(anonymous_2)
DA:11,1
DA:15,4
DA:16,1
LF:3
LH:3
BRF:0
BRH:0
end_of_record
TN:
SF:src/stores/useLessonStore.ts
FN:57,(anonymous_0)
FN:71,(anonymous_1)
FN:72,(anonymous_2)
FN:73,(anonymous_3)
FN:74,(anonymous_4)
FN:75,(anonymous_5)
FN:78,(anonymous_6)
FN:87,(anonymous_7)
FN:107,(anonymous_8)
FN:110,(anonymous_9)
FN:119,(anonymous_10)
FN:125,(anonymous_11)
FN:135,(anonymous_12)
FN:136,(anonymous_13)
FN:142,(anonymous_14)
FN:143,(anonymous_15)
FN:147,(anonymous_16)
FN:149,(anonymous_17)
FN:154,(anonymous_18)
FN:155,(anonymous_19)
FN:157,(anonymous_20)
FNF:21
FNH:18
FNDA:1,(anonymous_0)
FNDA:2,(anonymous_1)
FNDA:0,(anonymous_2)
FNDA:0,(anonymous_3)
FNDA:0,(anonymous_4)
FNDA:15,(anonymous_5)
FNDA:12,(anonymous_6)
FNDA:18,(anonymous_7)
FNDA:12,(anonymous_8)
FNDA:12,(anonymous_9)
FNDA:5,(anonymous_10)
FNDA:2,(anonymous_11)
FNDA:5,(anonymous_12)
FNDA:5,(anonymous_13)
FNDA:1,(anonymous_14)
FNDA:1,(anonymous_15)
FNDA:16,(anonymous_16)
FNDA:3,(anonymous_17)
FNDA:2,(anonymous_18)
FNDA:2,(anonymous_19)
FNDA:1,(anonymous_20)
DA:6,1
DA:7,1
DA:47,1
DA:57,1
DA:71,2
DA:72,0
DA:73,0
DA:74,0
DA:75,15
DA:79,12
DA:80,12
DA:81,12
DA:86,12
DA:87,18
DA:90,12
DA:92,1
DA:96,12
DA:98,12
DA:108,12
DA:110,12
DA:117,12
DA:118,5
DA:119,5
DA:120,7
DA:121,1
DA:126,2
DA:127,2
DA:128,2
DA:129,2
DA:136,5
DA:143,1
DA:147,16
DA:150,3
DA:151,3
DA:155,2
DA:157,1
LF:36
LH:33
BRDA:79,0,0,12
BRDA:79,0,1,0
BRDA:81,1,0,12
BRDA:81,1,1,0
BRDA:81,1,2,0
BRDA:86,2,0,12
BRDA:86,2,1,0
BRDA:90,3,0,1
BRDA:90,3,1,11
BRDA:96,4,0,12
BRDA:96,4,1,0
BRDA:101,5,0,12
BRDA:101,5,1,0
BRDA:103,6,0,12
BRDA:103,6,1,12
BRDA:108,7,0,12
BRDA:108,7,1,7
BRDA:112,8,0,0
BRDA:112,8,1,12
BRDA:117,9,0,5
BRDA:117,9,1,7
BRDA:120,10,0,1
BRDA:120,10,1,6
BRDA:128,11,0,2
BRDA:128,11,1,0
BRDA:128,11,2,0
BRDA:131,12,0,1
BRDA:131,12,1,1
BRDA:137,13,0,1
BRDA:137,13,1,4
BRDA:144,14,0,0
BRDA:144,14,1,1
BRDA:151,15,0,3
BRDA:151,15,1,2
BRDA:157,16,0,1
BRDA:157,16,1,0
BRF:36
BRH:25
end_of_record
TN:
SF:src/stores/useNetworkStore.ts
FN:10,(anonymous_0)
FN:15,(anonymous_1)
FN:15,(anonymous_2)
FNF:3
FNH:0
FNDA:0,(anonymous_0)
FNDA:0,(anonymous_1)
FNDA:0,(anonymous_2)
DA:10,0
DA:15,0
LF:2
LH:0
BRF:0
BRH:0
end_of_record
TN:
SF:src/stores/useNfcStore.ts
FN:17,(anonymous_0)
FN:23,(anonymous_1)
FN:24,(anonymous_2)
FN:25,(anonymous_3)
FN:26,(anonymous_4)
FN:27,(anonymous_5)
FNF:6
FNH:6
FNDA:1,(anonymous_0)
FNDA:5,(anonymous_1)
FNDA:1,(anonymous_2)
FNDA:1,(anonymous_3)
FNDA:4,(anonymous_4)
FNDA:2,(anonymous_5)
DA:17,1
DA:23,5
DA:24,1
DA:25,1
DA:26,4
DA:27,2
LF:6
LH:6
BRF:0
BRH:0
end_of_record
TN:
SF:src/stores/useProfileStore.ts
FN:12,(anonymous_0)
FN:15,(anonymous_1)
FN:16,(anonymous_2)
FN:17,(anonymous_3)
FN:17,(anonymous_4)
FNF:5
FNH:0
FNDA:0,(anonymous_0)
FNDA:0,(anonymous_1)
FNDA:0,(anonymous_2)
FNDA:0,(anonymous_3)
FNDA:0,(anonymous_4)
DA:12,0
DA:15,0
DA:16,0
DA:17,0
LF:4
LH:0
BRF:0
BRH:0
end_of_record
TN:
SF:src/stores/useProgressStore.ts
FN:31,(anonymous_0)
FN:39,(anonymous_1)
FN:40,(anonymous_2)
FN:41,(anonymous_3)
FN:42,(anonymous_4)
FN:45,(anonymous_5)
FN:47,(anonymous_6)
FN:55,(anonymous_7)
FN:56,(anonymous_8)
FN:57,(anonymous_9)
FN:61,(anonymous_10)
FN:90,(anonymous_11)
FN:91,(anonymous_12)
FN:104,(anonymous_13)
FN:108,(anonymous_14)
FN:109,(anonymous_15)
FNF:16
FNH:13
FNDA:1,(anonymous_0)
FNDA:0,(anonymous_1)
FNDA:0,(anonymous_2)
FNDA:0,(anonymous_3)
FNDA:1,(anonymous_4)
FNDA:12,(anonymous_5)
FNDA:12,(anonymous_6)
FNDA:5,(anonymous_7)
FNDA:5,(anonymous_8)
FNDA:6,(anonymous_9)
FNDA:9,(anonymous_10)
FNDA:5,(anonymous_11)
FNDA:5,(anonymous_12)
FNDA:1,(anonymous_13)
FNDA:1,(anonymous_14)
FNDA:58,(anonymous_15)
DA:27,1
DA:29,1
DA:31,1
DA:39,0
DA:40,0
DA:41,0
DA:43,1
DA:46,12
DA:47,12
DA:56,5
DA:57,6
DA:62,9
DA:63,8
DA:64,8
DA:65,8
DA:66,8
DA:67,9
DA:68,9
DA:71,2
DA:74,7
DA:83,7
DA:84,1
DA:86,6
DA:87,6
DA:88,1
DA:90,5
DA:92,5
DA:100,8
DA:104,1
DA:108,1
DA:109,58
LF:31
LH:28
BRDA:62,0,0,1
BRDA:62,0,1,8
BRDA:74,1,0,1
BRDA:74,1,1,6
BRDA:74,2,0,7
BRDA:74,2,1,7
BRDA:74,2,2,7
BRDA:74,2,3,1
BRDA:74,2,4,1
BRDA:74,2,5,1
BRDA:83,3,0,1
BRDA:83,3,1,6
BRDA:87,4,0,1
BRDA:87,4,1,5
BRDA:92,5,0,5
BRDA:92,5,1,0
BRF:16
BRH:15
end_of_record
